长枪卷轴成本计算
基础攻击力：109
目标：卷轴攻击加成 >= 14
达标后武器总攻击力 >= 123
成本：长枪=60,000,000，10%卷轴=2,000,000，60%卷轴=110,000

最优策略（允许失败后放弃重来）：
首张=60% | 单轮成本=65,061,119 | 单轮达标概率=6.9437% | 长期期望成本=936,977,864

应该放弃重来的状态：
已用=4 | 剩余=3 | 当前攻=0 | 到达概率=12.9600% | 决策=放弃重来 | 后续成功率=0.0000% | 后续期望成本=0
已用=5 | 剩余=2 | 当前攻=2 | 到达概率=9.3120% | 决策=放弃重来 | 后续成功率=0.0000% | 后续期望成本=0
已用=6 | 剩余=1 | 当前攻=4 | 到达概率=38.2320% | 决策=放弃重来 | 后续成功率=0.0000% | 后续期望成本=0
已用=6 | 剩余=1 | 当前攻=5 | 到达概率=3.7908% | 决策=放弃重来 | 后续成功率=0.0000% | 后续期望成本=0
已用=6 | 剩余=1 | 当前攻=6 | 到达概率=6.9984% | 决策=放弃重来 | 后续成功率=0.0000% | 后续期望成本=0
已用=6 | 剩余=1 | 当前攻=7 | 到达概率=0.1536% | 决策=放弃重来 | 后续成功率=0.0000% | 后续期望成本=0
已用=6 | 剩余=1 | 当前攻=8 | 到达概率=2.0736% | 决策=放弃重来 | 后续成功率=0.0000% | 后续期望成本=0

可到达状态的最优决策：
已用=0 | 剩余=7 | 当前攻=0 | 到达概率=100.0000% | 决策=继续砸 60% | 后续成功率=6.9437% | 后续期望成本=5,061,119
已用=1 | 剩余=6 | 当前攻=0 | 到达概率=40.0000% | 决策=继续砸 10% | 后续成功率=3.1969% | 后续期望成本=5,496,163
已用=1 | 剩余=6 | 当前攻=2 | 到达概率=60.0000% | 决策=继续砸 60% | 后续成功率=9.4416% | 后续期望成本=4,587,757
已用=2 | 剩余=5 | 当前攻=0 | 到达概率=36.0000% | 决策=继续砸 10% | 后续成功率=1.4290% | 后续期望成本=3,444,112
已用=2 | 剩余=5 | 当前攻=2 | 到达概率=24.0000% | 决策=继续砸 60% | 后续成功率=4.1760% | 后续期望成本=5,116,536
已用=2 | 剩余=5 | 当前攻=4 | 到达概率=36.0000% | 决策=继续砸 60% | 后续成功率=12.9520% | 后续期望成本=4,051,904
已用=2 | 剩余=5 | 当前攻=5 | 到达概率=4.0000% | 决策=继续砸 60% | 后续成功率=19.1080% | 后续期望成本=3,964,624
已用=3 | 剩余=4 | 当前攻=0 | 到达概率=32.4000% | 决策=继续砸 60% | 后续成功率=0.3600% | 后续期望成本=968,000
已用=3 | 剩余=4 | 当前攻=2 | 到达概率=9.6000% | 决策=继续砸 60% | 后续成功率=1.9200% | 后续期望成本=3,298,000
已用=3 | 剩余=4 | 当前攻=4 | 到达概率=28.8000% | 决策=继续砸 10% | 后续成功率=5.6800% | 后续期望成本=6,145,560
已用=3 | 剩余=4 | 当前攻=5 | 到达概率=5.2000% | 决策=继续砸 10% | 后续成功率=11.0500% | 后续期望成本=5,729,120
已用=3 | 剩余=4 | 当前攻=6 | 到达概率=21.6000% | 决策=继续砸 60% | 后续成功率=17.8000% | 后续期望成本=2,472,800
已用=3 | 剩余=4 | 当前攻=7 | 到达概率=2.4000% | 决策=继续砸 60% | 后续成功率=24.4800% | 后续期望成本=2,604,960
已用=4 | 剩余=3 | 当前攻=0 | 到达概率=12.9600% | 决策=放弃重来 | 后续成功率=0.0000% | 后续期望成本=0
已用=4 | 剩余=3 | 当前攻=2 | 到达概率=23.2800% | 决策=继续砸 60% | 后续成功率=0.6000% | 后续期望成本=1,430,000
已用=4 | 剩余=3 | 当前攻=4 | 到达概率=31.6800% | 决策=继续砸 10% | 后续成功率=2.8000% | 后续期望成本=4,360,000
已用=4 | 剩余=3 | 当前攻=5 | 到达概率=4.6800% | 决策=继续砸 10% | 后续成功率=4.9000% | 后续期望成本=4,077,600
已用=4 | 剩余=3 | 当前攻=6 | 到达概率=8.6400% | 决策=继续砸 10% | 后续成功率=4.9000% | 后续期望成本=4,077,600
已用=4 | 剩余=3 | 当前攻=7 | 到达概率=0.9600% | 决策=继续砸 60% | 后续成功率=13.8000% | 后续期望成本=2,914,000
已用=4 | 剩余=3 | 当前攻=8 | 到达概率=12.9600% | 决策=继续砸 60% | 后续成功率=26.4000% | 后续期望成本=1,219,600
已用=4 | 剩余=3 | 当前攻=9 | 到达概率=4.3200% | 决策=继续砸 60% | 后续成功率=31.6000% | 后续期望成本=2,215,600
已用=4 | 剩余=3 | 当前攻=10 | 到达概率=0.5200% | 决策=继续砸 60% | 后续成功率=66.4000% | 后续期望成本=592,800
已用=5 | 剩余=2 | 当前攻=2 | 到达概率=9.3120% | 决策=放弃重来 | 后续成功率=0.0000% | 后续期望成本=0
已用=5 | 剩余=2 | 当前攻=4 | 到达概率=42.4800% | 决策=继续砸 10% | 后续成功率=1.0000% | 后续期望成本=2,200,000
已用=5 | 剩余=2 | 当前攻=5 | 到达概率=4.2120% | 决策=继续砸 10% | 后续成功率=1.0000% | 后续期望成本=2,200,000
已用=5 | 剩余=2 | 当前攻=6 | 到达概率=7.7760% | 决策=继续砸 10% | 后续成功率=1.0000% | 后续期望成本=2,200,000
已用=5 | 剩余=2 | 当前攻=7 | 到达概率=0.3840% | 决策=继续砸 60% | 后续成功率=6.0000% | 后续期望成本=1,310,000
已用=5 | 剩余=2 | 当前攻=8 | 到达概率=5.1840% | 决策=继续砸 60% | 后续成功率=6.0000% | 后续期望成本=1,310,000
已用=5 | 剩余=2 | 当前攻=9 | 到达概率=5.4720% | 决策=继续砸 10% | 后续成功率=19.0000% | 后续期望成本=3,800,000
已用=5 | 剩余=2 | 当前攻=10 | 到达概率=8.4520% | 决策=继续砸 60% | 后续成功率=40.0000% | 后续期望成本=976,000
已用=5 | 剩余=2 | 当前攻=11 | 到达概率=3.4560% | 决策=继续砸 60% | 后续成功率=40.0000% | 后续期望成本=976,000
已用=5 | 剩余=2 | 当前攻=12 | 到达概率=0.3120% | 决策=继续砸 60% | 后续成功率=84.0000% | 后续期望成本=154,000
已用=6 | 剩余=1 | 当前攻=4 | 到达概率=38.2320% | 决策=放弃重来 | 后续成功率=0.0000% | 后续期望成本=0
已用=6 | 剩余=1 | 当前攻=5 | 到达概率=3.7908% | 决策=放弃重来 | 后续成功率=0.0000% | 后续期望成本=0
已用=6 | 剩余=1 | 当前攻=6 | 到达概率=6.9984% | 决策=放弃重来 | 后续成功率=0.0000% | 后续期望成本=0
已用=6 | 剩余=1 | 当前攻=7 | 到达概率=0.1536% | 决策=放弃重来 | 后续成功率=0.0000% | 后续期望成本=0
已用=6 | 剩余=1 | 当前攻=8 | 到达概率=2.0736% | 决策=放弃重来 | 后续成功率=0.0000% | 后续期望成本=0
已用=6 | 剩余=1 | 当前攻=9 | 到达概率=9.4032% | 决策=继续砸 10% | 后续成功率=10.0000% | 后续期望成本=2,000,000
已用=6 | 剩余=1 | 当前攻=10 | 到达概率=6.9124% | 决策=继续砸 10% | 后续成功率=10.0000% | 后续期望成本=2,000,000
已用=6 | 剩余=1 | 当前攻=11 | 到达概率=2.1600% | 决策=继续砸 10% | 后续成功率=10.0000% | 后续期望成本=2,000,000
已用=6 | 剩余=1 | 当前攻=12 | 到达概率=5.1960% | 决策=继续砸 60% | 后续成功率=60.0000% | 后续期望成本=110,000
已用=6 | 剩余=1 | 当前攻=13 | 到达概率=2.0736% | 决策=继续砸 60% | 后续成功率=60.0000% | 后续期望成本=110,000

固定砸满 7 张的最优对照：
4x 10% | 3x 60% | 单次成本=68,330,000 | 达标概率=3.5193% | 期望成本=1,941,590,325

固定砸满 7 张的全部策略：
4x 10% | 3x 60% | 单次成本=68,330,000 | 达标概率=3.5193% | 期望成本=1,941,590,325
5x 10% | 2x 60% | 单次成本=70,220,000 | 达标概率=3.4804% | 期望成本=2,017,584,186
0x 10% | 7x 60% | 单次成本=60,770,000 | 达标概率=2.7994% | 期望成本=2,170,853,338
1x 10% | 6x 60% | 单次成本=62,660,000 | 达标概率=2.3328% | 期望成本=2,686,042,524
2x 10% | 5x 60% | 单次成本=64,550,000 | 达标概率=2.3126% | 期望成本=2,791,182,372
3x 10% | 4x 60% | 单次成本=66,440,000 | 达标概率=2.3162% | 期望成本=2,868,541,033
7x 10% | 0x 60% | 单次成本=74,000,000 | 达标概率=2.5692% | 期望成本=2,880,330,070
6x 10% | 1x 60% | 单次成本=72,110,000 | 达标概率=1.5850% | 期望成本=4,549,526,814
