长枪卷轴成本计算
基础攻击力：104
目标：卷轴攻击加成 >= 14
达标后武器总攻击力 >= 118
成本：长枪=3,000,000，10%卷轴=2,000,000，60%卷轴=110,000

最优策略（允许失败后放弃重来）：
首张=60% | 单轮成本=3,851,398 | 单轮达标概率=4.6656% | 长期期望成本=82,548,820

应该放弃重来的状态：
已用=2 | 剩余=5 | 当前攻=0 | 到达概率=16.0000% | 决策=放弃重来 | 后续成功率=0.0000% | 后续期望成本=0
已用=3 | 剩余=4 | 当前攻=2 | 到达概率=19.2000% | 决策=放弃重来 | 后续成功率=0.0000% | 后续期望成本=0
已用=4 | 剩余=3 | 当前攻=4 | 到达概率=17.2800% | 决策=放弃重来 | 后续成功率=0.0000% | 后续期望成本=0
已用=5 | 剩余=2 | 当前攻=6 | 到达概率=13.8240% | 决策=放弃重来 | 后续成功率=0.0000% | 后续期望成本=0
已用=6 | 剩余=1 | 当前攻=8 | 到达概率=10.3680% | 决策=放弃重来 | 后续成功率=0.0000% | 后续期望成本=0

可到达状态的最优决策：
已用=0 | 剩余=7 | 当前攻=0 | 到达概率=100.0000% | 决策=继续砸 60% | 后续成功率=4.6656% | 后续期望成本=851,398
已用=1 | 剩余=6 | 当前攻=0 | 到达概率=40.0000% | 决策=继续砸 60% | 后续成功率=0.7776% | 后续期望成本=409,136
已用=1 | 剩余=6 | 当前攻=2 | 到达概率=60.0000% | 决策=继续砸 60% | 后续成功率=7.2576% | 后续期望成本=962,906
已用=2 | 剩余=5 | 当前攻=0 | 到达概率=16.0000% | 决策=放弃重来 | 后续成功率=0.0000% | 后续期望成本=0
已用=2 | 剩余=5 | 当前攻=2 | 到达概率=48.0000% | 决策=继续砸 60% | 后续成功率=1.2960% | 后续期望成本=498,560
已用=2 | 剩余=5 | 当前攻=4 | 到达概率=36.0000% | 决策=继续砸 60% | 后续成功率=11.2320% | 后续期望成本=1,089,136
已用=3 | 剩余=4 | 当前攻=2 | 到达概率=19.2000% | 决策=放弃重来 | 后续成功率=0.0000% | 后续期望成本=0
已用=3 | 剩余=4 | 当前攻=4 | 到达概率=43.2000% | 决策=继续砸 60% | 后续成功率=2.1600% | 后续期望成本=647,600
已用=3 | 剩余=4 | 当前攻=6 | 到达概率=21.6000% | 决策=继续砸 60% | 后续成功率=17.2800% | 后续期望成本=1,200,160
已用=4 | 剩余=3 | 当前攻=4 | 到达概率=17.2800% | 决策=放弃重来 | 后续成功率=0.0000% | 后续期望成本=0
已用=4 | 剩余=3 | 当前攻=6 | 到达概率=34.5600% | 决策=继续砸 60% | 后续成功率=3.6000% | 后续期望成本=896,000
已用=4 | 剩余=3 | 当前攻=8 | 到达概率=12.9600% | 决策=继续砸 60% | 后续成功率=26.4000% | 后续期望成本=1,219,600
已用=5 | 剩余=2 | 当前攻=6 | 到达概率=13.8240% | 决策=放弃重来 | 后续成功率=0.0000% | 后续期望成本=0
已用=5 | 剩余=2 | 当前攻=8 | 到达概率=25.9200% | 决策=继续砸 60% | 后续成功率=6.0000% | 后续期望成本=1,310,000
已用=5 | 剩余=2 | 当前攻=10 | 到达概率=7.7760% | 决策=继续砸 60% | 后续成功率=40.0000% | 后续期望成本=976,000
已用=6 | 剩余=1 | 当前攻=8 | 到达概率=10.3680% | 决策=放弃重来 | 后续成功率=0.0000% | 后续期望成本=0
已用=6 | 剩余=1 | 当前攻=10 | 到达概率=18.6624% | 决策=继续砸 10% | 后续成功率=10.0000% | 后续期望成本=2,000,000
已用=6 | 剩余=1 | 当前攻=12 | 到达概率=4.6656% | 决策=继续砸 60% | 后续成功率=60.0000% | 后续期望成本=110,000

固定砸满 7 张的最优对照：
0x 10% | 7x 60% | 单次成本=3,770,000 | 达标概率=2.7994% | 期望成本=134,673,640

固定砸满 7 张的全部策略：
0x 10% | 7x 60% | 单次成本=3,770,000 | 达标概率=2.7994% | 期望成本=134,673,640
1x 10% | 6x 60% | 单次成本=5,660,000 | 达标概率=2.3328% | 期望成本=242,626,886
4x 10% | 3x 60% | 单次成本=11,330,000 | 达标概率=3.5193% | 期望成本=321,940,852
2x 10% | 5x 60% | 单次成本=7,550,000 | 达标概率=2.3126% | 期望成本=326,466,722
5x 10% | 2x 60% | 单次成本=13,220,000 | 达标概率=3.4804% | 期望成本=379,841,398
3x 10% | 4x 60% | 单次成本=9,440,000 | 达标概率=2.3162% | 期望成本=407,571,152
7x 10% | 0x 60% | 单次成本=17,000,000 | 达标概率=2.5692% | 期望成本=661,697,449
6x 10% | 1x 60% | 单次成本=15,110,000 | 达标概率=1.5850% | 期望成本=953,312,303
