长枪卷轴成本计算
基础攻击力：104
目标：卷轴攻击加成 >= 12
达标后武器总攻击力 >= 116
成本：长枪=3,000,000，10%卷轴=2,000,000，60%卷轴=110,000

最优策略（允许失败后放弃重来）：
首张=60% | 单轮成本=3,882,001 | 单轮达标概率=17.7293% | 长期期望成本=21,895,986

应该放弃重来的状态：
已用=2 | 剩余=5 | 当前攻=0 | 到达概率=16.0000% | 决策=放弃重来 | 后续成功率=0.0000% | 后续期望成本=0
已用=3 | 剩余=4 | 当前攻=2 | 到达概率=19.2000% | 决策=放弃重来 | 后续成功率=0.0000% | 后续期望成本=0
已用=4 | 剩余=3 | 当前攻=4 | 到达概率=17.2800% | 决策=放弃重来 | 后续成功率=0.0000% | 后续期望成本=0
已用=6 | 剩余=1 | 当前攻=6 | 到达概率=5.5296% | 决策=放弃重来 | 后续成功率=0.0000% | 后续期望成本=0

可到达状态的最优决策：
已用=0 | 剩余=7 | 当前攻=0 | 到达概率=100.0000% | 决策=继续砸 60% | 后续成功率=17.7293% | 后续期望成本=882,001
已用=1 | 剩余=6 | 当前攻=0 | 到达概率=40.0000% | 决策=继续砸 60% | 后续成功率=5.7024% | 后续期望成本=479,034
已用=1 | 剩余=6 | 当前攻=2 | 到达概率=60.0000% | 决策=继续砸 60% | 后续成功率=25.7472% | 后续期望成本=967,312
已用=2 | 剩余=5 | 当前攻=0 | 到达概率=16.0000% | 决策=放弃重来 | 后续成功率=0.0000% | 后续期望成本=0
已用=2 | 剩余=5 | 当前攻=2 | 到达概率=48.0000% | 决策=继续砸 60% | 后续成功率=9.5040% | 后续期望成本=615,056
已用=2 | 剩余=5 | 当前攻=4 | 到达概率=36.0000% | 决策=继续砸 60% | 后续成功率=36.5760% | 后续期望成本=1,018,816
已用=3 | 剩余=4 | 当前攻=2 | 到达概率=19.2000% | 决策=放弃重来 | 后续成功率=0.0000% | 后续期望成本=0
已用=3 | 剩余=4 | 当前攻=4 | 到达概率=43.2000% | 决策=继续砸 60% | 后续成功率=15.8400% | 后续期望成本=841,760
已用=3 | 剩余=4 | 当前攻=6 | 到达概率=21.6000% | 决策=继续砸 60% | 后续成功率=50.4000% | 后续期望成本=953,520
已用=4 | 剩余=3 | 当前攻=4 | 到达概率=17.2800% | 决策=放弃重来 | 后续成功率=0.0000% | 后续期望成本=0
已用=4 | 剩余=3 | 当前攻=6 | 到达概率=34.5600% | 决策=继续砸 60% | 后续成功率=26.4000% | 后续期望成本=1,219,600
已用=4 | 剩余=3 | 当前攻=8 | 到达概率=12.9600% | 决策=继续砸 60% | 后续成功率=66.4000% | 后续期望成本=592,800
已用=5 | 剩余=2 | 当前攻=6 | 到达概率=13.8240% | 决策=继续砸 60% | 后续成功率=6.0000% | 后续期望成本=1,310,000
已用=5 | 剩余=2 | 当前攻=8 | 到达概率=25.9200% | 决策=继续砸 60% | 后续成功率=40.0000% | 后续期望成本=976,000
已用=5 | 剩余=2 | 当前攻=10 | 到达概率=7.7760% | 决策=继续砸 60% | 后续成功率=84.0000% | 后续期望成本=154,000
已用=6 | 剩余=1 | 当前攻=6 | 到达概率=5.5296% | 决策=放弃重来 | 后续成功率=0.0000% | 后续期望成本=0
已用=6 | 剩余=1 | 当前攻=8 | 到达概率=18.6624% | 决策=继续砸 10% | 后续成功率=10.0000% | 后续期望成本=2,000,000
已用=6 | 剩余=1 | 当前攻=10 | 到达概率=18.6624% | 决策=继续砸 60% | 后续成功率=60.0000% | 后续期望成本=110,000

固定砸满 7 张的最优对照：
0x 10% | 7x 60% | 单次成本=3,770,000 | 达标概率=15.8630% | 期望成本=23,765,936

固定砸满 7 张的全部策略：
0x 10% | 7x 60% | 单次成本=3,770,000 | 达标概率=15.8630% | 期望成本=23,765,936
1x 10% | 6x 60% | 单次成本=5,660,000 | 达标概率=9.6422% | 期望成本=58,700,053
2x 10% | 5x 60% | 单次成本=7,550,000 | 达标概率=7.0550% | 期望成本=107,015,694
3x 10% | 4x 60% | 单次成本=9,440,000 | 达标概率=5.8802% | 期望成本=160,539,849
5x 10% | 2x 60% | 单次成本=13,220,000 | 达标概率=6.9796% | 期望成本=189,409,135
6x 10% | 1x 60% | 单次成本=15,110,000 | 达标概率=7.4899% | 期望成本=201,738,341
4x 10% | 3x 60% | 单次成本=11,330,000 | 达标概率=4.9190% | 期望成本=230,333,241
7x 10% | 0x 60% | 单次成本=17,000,000 | 达标概率=2.5692% | 期望成本=661,697,449
