长枪卷轴成本计算
基础攻击力：109
目标：卷轴攻击加成 >= 12
达标后武器总攻击力 >= 121
成本：长枪=60,000,000，10%卷轴=2,000,000，60%卷轴=110,000

最优策略（允许失败后放弃重来）：
首张=60% | 单轮成本=63,585,203 | 单轮达标概率=20.3347% | 长期期望成本=312,692,789

应该放弃重来的状态：
已用=5 | 剩余=2 | 当前攻=0 | 到达概率=1.0240% | 决策=放弃重来 | 后续成功率=0.0000% | 后续期望成本=0
已用=6 | 剩余=1 | 当前攻=2 | 到达概率=25.4880% | 决策=放弃重来 | 后续成功率=0.0000% | 后续期望成本=0
已用=6 | 剩余=1 | 当前攻=4 | 到达概率=13.9968% | 决策=放弃重来 | 后续成功率=0.0000% | 后续期望成本=0
已用=6 | 剩余=1 | 当前攻=6 | 到达概率=5.5296% | 决策=放弃重来 | 后续成功率=0.0000% | 后续期望成本=0

可到达状态的最优决策：
已用=0 | 剩余=7 | 当前攻=0 | 到达概率=100.0000% | 决策=继续砸 60% | 后续成功率=20.3347% | 后续期望成本=3,585,203
已用=1 | 剩余=6 | 当前攻=0 | 到达概率=40.0000% | 决策=继续砸 60% | 后续成功率=9.4416% | 后续期望成本=4,587,757
已用=1 | 剩余=6 | 当前攻=2 | 到达概率=60.0000% | 决策=继续砸 60% | 后续成功率=27.5968% | 后续期望成本=2,733,501
已用=2 | 剩余=5 | 当前攻=0 | 到达概率=16.0000% | 决策=继续砸 60% | 后续成功率=4.1760% | 后续期望成本=5,116,536
已用=2 | 剩余=5 | 当前攻=2 | 到达概率=48.0000% | 决策=继续砸 60% | 后续成功率=12.9520% | 后续期望成本=4,051,904
已用=2 | 剩余=5 | 当前攻=4 | 到达概率=36.0000% | 决策=继续砸 60% | 后续成功率=37.3600% | 后续期望成本=1,671,232
已用=3 | 剩余=4 | 当前攻=0 | 到达概率=6.4000% | 决策=继续砸 60% | 后续成功率=1.9200% | 后续期望成本=3,298,000
已用=3 | 剩余=4 | 当前攻=2 | 到达概率=28.8000% | 决策=继续砸 10% | 后续成功率=5.6800% | 后续期望成本=6,145,560
已用=3 | 剩余=4 | 当前攻=4 | 到达概率=43.2000% | 决策=继续砸 60% | 后续成功率=17.8000% | 后续期望成本=2,472,800
已用=3 | 剩余=4 | 当前攻=6 | 到达概率=21.6000% | 决策=继续砸 60% | 后续成功率=50.4000% | 后续期望成本=953,520
已用=4 | 剩余=3 | 当前攻=0 | 到达概率=2.5600% | 决策=继续砸 60% | 后续成功率=0.6000% | 后续期望成本=1,430,000
已用=4 | 剩余=3 | 当前攻=2 | 到达概率=29.7600% | 决策=继续砸 10% | 后续成功率=2.8000% | 后续期望成本=4,360,000
已用=4 | 剩余=3 | 当前攻=4 | 到达概率=17.2800% | 决策=继续砸 10% | 后续成功率=4.9000% | 后续期望成本=4,077,600
已用=4 | 剩余=3 | 当前攻=6 | 到达概率=34.5600% | 决策=继续砸 60% | 后续成功率=26.4000% | 后续期望成本=1,219,600
已用=4 | 剩余=3 | 当前攻=7 | 到达概率=2.8800% | 决策=继续砸 60% | 后续成功率=31.6000% | 后续期望成本=2,215,600
已用=4 | 剩余=3 | 当前攻=8 | 到达概率=12.9600% | 决策=继续砸 60% | 后续成功率=66.4000% | 后续期望成本=592,800
已用=5 | 剩余=2 | 当前攻=0 | 到达概率=1.0240% | 决策=放弃重来 | 后续成功率=0.0000% | 后续期望成本=0
已用=5 | 剩余=2 | 当前攻=2 | 到达概率=28.3200% | 决策=继续砸 10% | 后续成功率=1.0000% | 后续期望成本=2,200,000
已用=5 | 剩余=2 | 当前攻=4 | 到达概率=15.5520% | 决策=继续砸 10% | 后续成功率=1.0000% | 后续期望成本=2,200,000
已用=5 | 剩余=2 | 当前攻=6 | 到达概率=13.8240% | 决策=继续砸 60% | 后续成功率=6.0000% | 后续期望成本=1,310,000
已用=5 | 剩余=2 | 当前攻=7 | 到达概率=4.1280% | 决策=继续砸 10% | 后续成功率=19.0000% | 后续期望成本=3,800,000
已用=5 | 剩余=2 | 当前攻=8 | 到达概率=25.9200% | 决策=继续砸 60% | 后续成功率=40.0000% | 后续期望成本=976,000
已用=5 | 剩余=2 | 当前攻=9 | 到达概率=3.4560% | 决策=继续砸 60% | 后续成功率=40.0000% | 后续期望成本=976,000
已用=5 | 剩余=2 | 当前攻=10 | 到达概率=7.7760% | 决策=继续砸 60% | 后续成功率=84.0000% | 后续期望成本=154,000
已用=6 | 剩余=1 | 当前攻=2 | 到达概率=25.4880% | 决策=放弃重来 | 后续成功率=0.0000% | 后续期望成本=0
已用=6 | 剩余=1 | 当前攻=4 | 到达概率=13.9968% | 决策=放弃重来 | 后续成功率=0.0000% | 后续期望成本=0
已用=6 | 剩余=1 | 当前攻=6 | 到达概率=5.5296% | 决策=放弃重来 | 后续成功率=0.0000% | 后续期望成本=0
已用=6 | 剩余=1 | 当前攻=7 | 到达概率=6.5472% | 决策=继续砸 10% | 后续成功率=10.0000% | 后续期望成本=2,000,000
已用=6 | 剩余=1 | 当前攻=8 | 到达概率=18.6624% | 决策=继续砸 10% | 后续成功率=10.0000% | 后续期望成本=2,000,000
已用=6 | 剩余=1 | 当前攻=9 | 到达概率=2.9376% | 决策=继续砸 10% | 后续成功率=10.0000% | 后续期望成本=2,000,000
已用=6 | 剩余=1 | 当前攻=10 | 到达概率=18.6624% | 决策=继续砸 60% | 后续成功率=60.0000% | 后续期望成本=110,000
已用=6 | 剩余=1 | 当前攻=11 | 到达概率=2.0736% | 决策=继续砸 60% | 后续成功率=60.0000% | 后续期望成本=110,000

固定砸满 7 张的最优对照：
0x 10% | 7x 60% | 单次成本=60,770,000 | 达标概率=15.8630% | 期望成本=383,091,766

固定砸满 7 张的全部策略：
0x 10% | 7x 60% | 单次成本=60,770,000 | 达标概率=15.8630% | 期望成本=383,091,766
1x 10% | 6x 60% | 单次成本=62,660,000 | 达标概率=9.6422% | 期望成本=649,848,998
2x 10% | 5x 60% | 单次成本=64,550,000 | 达标概率=7.0550% | 期望成本=914,948,746
6x 10% | 1x 60% | 单次成本=72,110,000 | 达标概率=7.4899% | 期望成本=962,763,188
5x 10% | 2x 60% | 单次成本=70,220,000 | 达标概率=6.9796% | 期望成本=1,006,074,847
3x 10% | 4x 60% | 单次成本=66,440,000 | 达标概率=5.8802% | 期望成本=1,129,901,227
4x 10% | 3x 60% | 单次成本=68,330,000 | 达标概率=4.9190% | 期望成本=1,389,114,772
7x 10% | 0x 60% | 单次成本=74,000,000 | 达标概率=2.5692% | 期望成本=2,880,330,070
