弓卷轴成本计算
基础攻击力：98
目标：卷轴攻击加成 >= 14
达标后武器总攻击力 >= 112
成本：弓=10,000,000，10%卷轴=2,000,000，60%卷轴=6,000,000

最优策略（允许失败后放弃重来）：
首张=10% | 单轮成本=19,595,908 | 单轮达标概率=5.7401% | 长期期望成本=341,388,557

应该放弃重来的状态：
已用=3 | 剩余=4 | 当前攻=0 | 到达概率=72.9000% | 决策=放弃重来 | 后续成功率=0.0000% | 后续期望成本=0
已用=6 | 剩余=1 | 当前攻=5 | 到达概率=14.4342% | 决策=放弃重来 | 后续成功率=0.0000% | 后续期望成本=0
已用=6 | 剩余=1 | 当前攻=7 | 到达概率=0.7776% | 决策=放弃重来 | 后续成功率=0.0000% | 后续期望成本=0

可到达状态的最优决策：
已用=0 | 剩余=7 | 当前攻=0 | 到达概率=100.0000% | 决策=继续砸 10% | 后续成功率=5.7401% | 后续期望成本=9,595,908
已用=1 | 剩余=6 | 当前攻=0 | 到达概率=90.0000% | 决策=继续砸 10% | 后续成功率=2.8162% | 后续期望成本=5,623,800
已用=1 | 剩余=6 | 当前攻=5 | 到达概率=10.0000% | 决策=继续砸 60% | 后续成功率=32.0548% | 后续期望成本=25,344,880
已用=2 | 剩余=5 | 当前攻=0 | 到达概率=81.0000% | 决策=继续砸 10% | 后续成功率=1.1050% | 后续期望成本=2,803,800
已用=2 | 剩余=5 | 当前攻=5 | 到达概率=13.0000% | 决策=继续砸 10% | 后续成功率=18.2170% | 后续期望成本=11,003,800
已用=2 | 剩余=5 | 当前攻=7 | 到达概率=6.0000% | 决策=继续砸 60% | 后续成功率=41.2800% | 后续期望成本=24,905,600
已用=3 | 剩余=4 | 当前攻=0 | 到达概率=72.9000% | 决策=放弃重来 | 后续成功率=0.0000% | 后续期望成本=0
已用=3 | 剩余=4 | 当前攻=5 | 到达概率=19.8000% | 决策=继续砸 10% | 后续成功率=11.0500% | 后续期望成本=8,038,000
已用=3 | 剩余=4 | 当前攻=7 | 到达概率=2.4000% | 决策=继续砸 60% | 后续成功率=24.4800% | 后续期望成本=16,328,000
已用=3 | 剩余=4 | 当前攻=9 | 到达概率=3.6000% | 决策=继续砸 60% | 后续成功率=52.4800% | 后续期望成本=20,624,000
已用=3 | 剩余=4 | 当前攻=10 | 到达概率=1.3000% | 决策=继续砸 60% | 后续成功率=82.7200% | 后续期望成本=17,696,000
已用=4 | 剩余=3 | 当前攻=5 | 到达概率=17.8200% | 决策=继续砸 10% | 后续成功率=4.9000% | 后续期望成本=5,020,000
已用=4 | 剩余=3 | 当前攻=7 | 到达概率=0.9600% | 决策=继续砸 10% | 后续成功率=13.8000% | 后续期望成本=5,180,000
已用=4 | 剩余=3 | 当前攻=9 | 到达概率=2.8800% | 决策=继续砸 60% | 后续成功率=31.6000% | 后续期望成本=13,760,000
已用=4 | 剩余=3 | 当前攻=10 | 到达概率=2.5000% | 决策=继续砸 60% | 后续成功率=66.4000% | 后续期望成本=15,200,000
已用=4 | 剩余=3 | 当前攻=11 | 到达概率=2.1600% | 决策=继续砸 60% | 后续成功率=66.4000% | 后续期望成本=15,200,000
已用=4 | 剩余=3 | 当前攻=12 | 到达概率=0.7800% | 决策=继续砸 60% | 后续成功率=93.6000% | 后续期望成本=9,360,000
已用=5 | 剩余=2 | 当前攻=5 | 到达概率=16.0380% | 决策=继续砸 10% | 后续成功率=1.0000% | 后续期望成本=2,200,000
已用=5 | 剩余=2 | 当前攻=7 | 到达概率=0.8640% | 决策=继续砸 10% | 后续成功率=6.0000% | 后续期望成本=2,600,000
已用=5 | 剩余=2 | 当前攻=9 | 到达概率=1.1520% | 决策=继续砸 10% | 后续成功率=19.0000% | 后续期望成本=3,800,000
已用=5 | 剩余=2 | 当前攻=10 | 到达概率=2.7820% | 决策=继续砸 60% | 后续成功率=40.0000% | 后续期望成本=10,400,000
已用=5 | 剩余=2 | 当前攻=11 | 到达概率=2.5920% | 决策=继续砸 60% | 后续成功率=40.0000% | 后续期望成本=10,400,000
已用=5 | 剩余=2 | 当前攻=12 | 到达概率=1.9080% | 决策=继续砸 60% | 后续成功率=84.0000% | 后续期望成本=8,400,000
已用=5 | 剩余=2 | 当前攻=13 | 到达概率=1.2960% | 决策=继续砸 60% | 后续成功率=84.0000% | 后续期望成本=8,400,000
已用=6 | 剩余=1 | 当前攻=5 | 到达概率=14.4342% | 决策=放弃重来 | 后续成功率=0.0000% | 后续期望成本=0
已用=6 | 剩余=1 | 当前攻=7 | 到达概率=0.7776% | 决策=放弃重来 | 后续成功率=0.0000% | 后续期望成本=0
已用=6 | 剩余=1 | 当前攻=9 | 到达概率=1.0368% | 决策=继续砸 10% | 后续成功率=10.0000% | 后续期望成本=2,000,000
已用=6 | 剩余=1 | 当前攻=10 | 到达概率=2.7166% | 决策=继续砸 10% | 后续成功率=10.0000% | 后续期望成本=2,000,000
已用=6 | 剩余=1 | 当前攻=11 | 到达概率=1.0368% | 决策=继续砸 10% | 后续成功率=10.0000% | 后续期望成本=2,000,000
已用=6 | 剩余=1 | 当前攻=12 | 到达概率=2.5188% | 决策=继续砸 60% | 后续成功率=60.0000% | 后续期望成本=6,000,000
已用=6 | 剩余=1 | 当前攻=13 | 到达概率=2.0736% | 决策=继续砸 60% | 后续成功率=60.0000% | 后续期望成本=6,000,000

固定砸满 7 张的最优对照：
5x 10% | 2x 60% | 单次成本=32,000,000 | 达标概率=3.4804% | 期望成本=919,434,548

固定砸满 7 张的全部策略：
5x 10% | 2x 60% | 单次成本=32,000,000 | 达标概率=3.4804% | 期望成本=919,434,548
7x 10% | 0x 60% | 单次成本=24,000,000 | 达标概率=2.5692% | 期望成本=934,161,104
4x 10% | 3x 60% | 单次成本=36,000,000 | 达标概率=3.5193% | 期望成本=1,022,936,510
3x 10% | 4x 60% | 单次成本=40,000,000 | 达标概率=2.3162% | 期望成本=1,726,996,408
6x 10% | 1x 60% | 单次成本=28,000,000 | 达标概率=1.5850% | 期望成本=1,766,561,514
0x 10% | 7x 60% | 单次成本=52,000,000 | 达标概率=2.7994% | 期望成本=1,857,567,444
2x 10% | 5x 60% | 单次成本=44,000,000 | 达标概率=2.3126% | 期望成本=1,902,587,519
1x 10% | 6x 60% | 单次成本=48,000,000 | 达标概率=2.3328% | 期望成本=2,057,613,169
