弓卷轴成本计算
基础攻击力：96
目标：卷轴攻击加成 >= 14
达标后武器总攻击力 >= 110
成本：弓=3,000,000，10%卷轴=2,000,000，60%卷轴=6,000,000

最优策略（允许失败后放弃重来）：
首张=10% | 单轮成本=9,906,816 | 单轮达标概率=4.6854% | 长期期望成本=211,438,328

应该放弃重来的状态：
已用=2 | 剩余=5 | 当前攻=0 | 到达概率=81.0000% | 决策=放弃重来 | 后续成功率=0.0000% | 后续期望成本=0
已用=5 | 剩余=2 | 当前攻=5 | 到达概率=9.4770% | 决策=放弃重来 | 后续成功率=0.0000% | 后续期望成本=0
已用=6 | 剩余=1 | 当前攻=7 | 到达概率=1.7496% | 决策=放弃重来 | 后续成功率=0.0000% | 后续期望成本=0

可到达状态的最优决策：
已用=0 | 剩余=7 | 当前攻=0 | 到达概率=100.0000% | 决策=继续砸 10% | 后续成功率=4.6854% | 后续期望成本=6,906,816
已用=1 | 剩余=6 | 当前攻=0 | 到达概率=90.0000% | 决策=继续砸 10% | 后续成功率=1.7488% | 后续期望成本=2,940,000
已用=1 | 剩余=6 | 当前攻=5 | 到达概率=10.0000% | 决策=继续砸 60% | 后续成功率=31.1152% | 后续期望成本=22,608,160
已用=2 | 剩余=5 | 当前攻=0 | 到达概率=81.0000% | 决策=放弃重来 | 后续成功率=0.0000% | 后续期望成本=0
已用=2 | 剩余=5 | 当前攻=5 | 到达概率=13.0000% | 决策=继续砸 10% | 后续成功率=17.4880% | 后续期望成本=9,400,000
已用=2 | 剩余=5 | 当前攻=7 | 到达概率=6.0000% | 决策=继续砸 60% | 后续成功率=40.2000% | 后续期望成本=21,413,600
已用=3 | 剩余=4 | 当前攻=5 | 到达概率=11.7000% | 决策=继续砸 10% | 后续成功率=10.2400% | 后续期望成本=6,256,000
已用=3 | 剩余=4 | 当前攻=7 | 到达概率=2.4000% | 决策=继续砸 10% | 后续成功率=21.7800% | 后续期望成本=7,598,000
已用=3 | 剩余=4 | 当前攻=9 | 到达概率=3.6000% | 决策=继续砸 60% | 后续成功率=52.4800% | 后续期望成本=20,624,000
已用=3 | 剩余=4 | 当前攻=10 | 到达概率=1.3000% | 决策=继续砸 60% | 后续成功率=82.7200% | 后续期望成本=17,696,000
已用=4 | 剩余=3 | 当前攻=5 | 到达概率=10.5300% | 决策=继续砸 10% | 后续成功率=4.0000% | 后续期望成本=3,040,000
已用=4 | 剩余=3 | 当前攻=7 | 到达概率=2.1600% | 决策=继续砸 10% | 后续成功率=13.8000% | 后续期望成本=5,180,000
已用=4 | 剩余=3 | 当前攻=9 | 到达概率=1.4400% | 决策=继续砸 60% | 后续成功率=31.6000% | 后续期望成本=13,760,000
已用=4 | 剩余=3 | 当前攻=10 | 到达概率=1.6900% | 决策=继续砸 60% | 后续成功率=66.4000% | 后续期望成本=15,200,000
已用=4 | 剩余=3 | 当前攻=11 | 到达概率=2.1600% | 决策=继续砸 60% | 后续成功率=66.4000% | 后续期望成本=15,200,000
已用=4 | 剩余=3 | 当前攻=12 | 到达概率=1.0200% | 决策=继续砸 60% | 后续成功率=93.6000% | 后续期望成本=9,360,000
已用=5 | 剩余=2 | 当前攻=5 | 到达概率=9.4770% | 决策=放弃重来 | 后续成功率=0.0000% | 后续期望成本=0
已用=5 | 剩余=2 | 当前攻=7 | 到达概率=1.9440% | 决策=继续砸 10% | 后续成功率=6.0000% | 后续期望成本=2,600,000
已用=5 | 剩余=2 | 当前攻=9 | 到达概率=0.5760% | 决策=继续砸 10% | 后续成功率=19.0000% | 后续期望成本=3,800,000
已用=5 | 剩余=2 | 当前攻=10 | 到达概率=1.7290% | 决策=继续砸 60% | 后续成功率=40.0000% | 后续期望成本=10,400,000
已用=5 | 剩余=2 | 当前攻=11 | 到达概率=1.7280% | 决策=继续砸 60% | 后续成功率=40.0000% | 后续期望成本=10,400,000
已用=5 | 剩余=2 | 当前攻=12 | 到达概率=1.6380% | 决策=继续砸 60% | 后续成功率=84.0000% | 后续期望成本=8,400,000
已用=5 | 剩余=2 | 当前攻=13 | 到达概率=1.2960% | 决策=继续砸 60% | 后续成功率=84.0000% | 后续期望成本=8,400,000
已用=6 | 剩余=1 | 当前攻=7 | 到达概率=1.7496% | 决策=放弃重来 | 后续成功率=0.0000% | 后续期望成本=0
已用=6 | 剩余=1 | 当前攻=9 | 到达概率=0.5184% | 决策=继续砸 10% | 后续成功率=10.0000% | 后续期望成本=2,000,000
已用=6 | 剩余=1 | 当前攻=10 | 到达概率=0.6916% | 决策=继续砸 10% | 后续成功率=10.0000% | 后续期望成本=2,000,000
已用=6 | 剩余=1 | 当前攻=11 | 到达概率=0.6912% | 决策=继续砸 10% | 后续成功率=10.0000% | 后续期望成本=2,000,000
已用=6 | 剩余=1 | 当前攻=12 | 到达概率=1.8870% | 决策=继续砸 60% | 后续成功率=60.0000% | 后续期望成本=6,000,000
已用=6 | 剩余=1 | 当前攻=13 | 到达概率=1.5552% | 决策=继续砸 60% | 后续成功率=60.0000% | 后续期望成本=6,000,000

固定砸满 7 张的最优对照：
7x 10% | 0x 60% | 单次成本=17,000,000 | 达标概率=2.5692% | 期望成本=661,697,449

固定砸满 7 张的全部策略：
7x 10% | 0x 60% | 单次成本=17,000,000 | 达标概率=2.5692% | 期望成本=661,697,449
5x 10% | 2x 60% | 单次成本=25,000,000 | 达标概率=3.4804% | 期望成本=718,308,240
4x 10% | 3x 60% | 单次成本=29,000,000 | 达标概率=3.5193% | 期望成本=824,032,188
6x 10% | 1x 60% | 单次成本=21,000,000 | 达标概率=1.5850% | 期望成本=1,324,921,136
3x 10% | 4x 60% | 单次成本=33,000,000 | 达标概率=2.3162% | 期望成本=1,424,772,036
2x 10% | 5x 60% | 单次成本=37,000,000 | 达标概率=2.3126% | 期望成本=1,599,903,141
0x 10% | 7x 60% | 单次成本=45,000,000 | 达标概率=2.7994% | 期望成本=1,607,510,288
1x 10% | 6x 60% | 单次成本=41,000,000 | 达标概率=2.3328% | 期望成本=1,757,544,582
