弓卷轴成本计算
基础攻击力：97
目标：卷轴攻击加成 >= 14
达标后武器总攻击力 >= 111
成本：弓=5,000,000，10%卷轴=2,000,000，60%卷轴=6,000,000

最优策略（允许失败后放弃重来）：
首张=10% | 单轮成本=12,115,310 | 单轮达标概率=4.7802% | 长期期望成本=253,447,233

应该放弃重来的状态：
已用=2 | 剩余=5 | 当前攻=0 | 到达概率=81.0000% | 决策=放弃重来 | 后续成功率=0.0000% | 后续期望成本=0
已用=6 | 剩余=1 | 当前攻=5 | 到达概率=8.5293% | 决策=放弃重来 | 后续成功率=0.0000% | 后续期望成本=0
已用=6 | 剩余=1 | 当前攻=7 | 到达概率=1.7496% | 决策=放弃重来 | 后续成功率=0.0000% | 后续期望成本=0

可到达状态的最优决策：
已用=0 | 剩余=7 | 当前攻=0 | 到达概率=100.0000% | 决策=继续砸 10% | 后续成功率=4.7802% | 后续期望成本=7,115,310
已用=1 | 剩余=6 | 当前攻=0 | 到达概率=90.0000% | 决策=继续砸 10% | 后续成功率=1.8217% | 后续期望成本=3,100,380
已用=1 | 剩余=6 | 当前攻=5 | 到达概率=10.0000% | 决策=继续砸 60% | 后续成功率=31.4068% | 后续期望成本=23,249,680
已用=2 | 剩余=5 | 当前攻=0 | 到达概率=81.0000% | 决策=放弃重来 | 后续成功率=0.0000% | 后续期望成本=0
已用=2 | 剩余=5 | 当前攻=5 | 到达概率=13.0000% | 决策=继续砸 10% | 后续成功率=18.2170% | 后续期望成本=11,003,800
已用=2 | 剩余=5 | 当前攻=7 | 到达概率=6.0000% | 决策=继续砸 60% | 后续成功率=40.2000% | 后续期望成本=21,413,600
已用=3 | 剩余=4 | 当前攻=5 | 到达概率=11.7000% | 决策=继续砸 10% | 后续成功率=11.0500% | 后续期望成本=8,038,000
已用=3 | 剩余=4 | 当前攻=7 | 到达概率=2.4000% | 决策=继续砸 10% | 后续成功率=21.7800% | 后续期望成本=7,598,000
已用=3 | 剩余=4 | 当前攻=9 | 到达概率=3.6000% | 决策=继续砸 60% | 后续成功率=52.4800% | 后续期望成本=20,624,000
已用=3 | 剩余=4 | 当前攻=10 | 到达概率=1.3000% | 决策=继续砸 60% | 后续成功率=82.7200% | 后续期望成本=17,696,000
已用=4 | 剩余=3 | 当前攻=5 | 到达概率=10.5300% | 决策=继续砸 10% | 后续成功率=4.9000% | 后续期望成本=5,020,000
已用=4 | 剩余=3 | 当前攻=7 | 到达概率=2.1600% | 决策=继续砸 10% | 后续成功率=13.8000% | 后续期望成本=5,180,000
已用=4 | 剩余=3 | 当前攻=9 | 到达概率=1.4400% | 决策=继续砸 60% | 后续成功率=31.6000% | 后续期望成本=13,760,000
已用=4 | 剩余=3 | 当前攻=10 | 到达概率=1.6900% | 决策=继续砸 60% | 后续成功率=66.4000% | 后续期望成本=15,200,000
已用=4 | 剩余=3 | 当前攻=11 | 到达概率=2.1600% | 决策=继续砸 60% | 后续成功率=66.4000% | 后续期望成本=15,200,000
已用=4 | 剩余=3 | 当前攻=12 | 到达概率=1.0200% | 决策=继续砸 60% | 后续成功率=93.6000% | 后续期望成本=9,360,000
已用=5 | 剩余=2 | 当前攻=5 | 到达概率=9.4770% | 决策=继续砸 10% | 后续成功率=1.0000% | 后续期望成本=2,200,000
已用=5 | 剩余=2 | 当前攻=7 | 到达概率=1.9440% | 决策=继续砸 10% | 后续成功率=6.0000% | 后续期望成本=2,600,000
已用=5 | 剩余=2 | 当前攻=9 | 到达概率=0.5760% | 决策=继续砸 10% | 后续成功率=19.0000% | 后续期望成本=3,800,000
已用=5 | 剩余=2 | 当前攻=10 | 到达概率=1.7290% | 决策=继续砸 60% | 后续成功率=40.0000% | 后续期望成本=10,400,000
已用=5 | 剩余=2 | 当前攻=11 | 到达概率=1.7280% | 决策=继续砸 60% | 后续成功率=40.0000% | 后续期望成本=10,400,000
已用=5 | 剩余=2 | 当前攻=12 | 到达概率=1.6380% | 决策=继续砸 60% | 后续成功率=84.0000% | 后续期望成本=8,400,000
已用=5 | 剩余=2 | 当前攻=13 | 到达概率=1.2960% | 决策=继续砸 60% | 后续成功率=84.0000% | 后续期望成本=8,400,000
已用=6 | 剩余=1 | 当前攻=5 | 到达概率=8.5293% | 决策=放弃重来 | 后续成功率=0.0000% | 后续期望成本=0
已用=6 | 剩余=1 | 当前攻=7 | 到达概率=1.7496% | 决策=放弃重来 | 后续成功率=0.0000% | 后续期望成本=0
已用=6 | 剩余=1 | 当前攻=9 | 到达概率=0.5184% | 决策=继续砸 10% | 后续成功率=10.0000% | 后续期望成本=2,000,000
已用=6 | 剩余=1 | 当前攻=10 | 到达概率=1.6393% | 决策=继续砸 10% | 后续成功率=10.0000% | 后续期望成本=2,000,000
已用=6 | 剩余=1 | 当前攻=11 | 到达概率=0.6912% | 决策=继续砸 10% | 后续成功率=10.0000% | 后续期望成本=2,000,000
已用=6 | 剩余=1 | 当前攻=12 | 到达概率=1.8870% | 决策=继续砸 60% | 后续成功率=60.0000% | 后续期望成本=6,000,000
已用=6 | 剩余=1 | 当前攻=13 | 到达概率=1.5552% | 决策=继续砸 60% | 后续成功率=60.0000% | 后续期望成本=6,000,000

固定砸满 7 张的最优对照：
7x 10% | 0x 60% | 单次成本=19,000,000 | 达标概率=2.5692% | 期望成本=739,544,207

固定砸满 7 张的全部策略：
7x 10% | 0x 60% | 单次成本=19,000,000 | 达标概率=2.5692% | 期望成本=739,544,207
5x 10% | 2x 60% | 单次成本=27,000,000 | 达标概率=3.4804% | 期望成本=775,772,900
4x 10% | 3x 60% | 单次成本=31,000,000 | 达标概率=3.5193% | 期望成本=880,861,994
6x 10% | 1x 60% | 单次成本=23,000,000 | 达标概率=1.5850% | 期望成本=1,451,104,101
3x 10% | 4x 60% | 单次成本=35,000,000 | 达标概率=2.3162% | 期望成本=1,511,121,857
0x 10% | 7x 60% | 单次成本=47,000,000 | 达标概率=2.7994% | 期望成本=1,678,955,190
2x 10% | 5x 60% | 单次成本=39,000,000 | 达标概率=2.3126% | 期望成本=1,686,384,392
1x 10% | 6x 60% | 单次成本=43,000,000 | 达标概率=2.3328% | 期望成本=1,843,278,464
