弓卷轴成本计算
基础攻击力：97
目标：卷轴攻击加成 >= 13
达标后武器总攻击力 >= 110
成本：弓=5,000,000，10%卷轴=2,000,000，60%卷轴=6,000,000

最优策略（允许失败后放弃重来）：
首张=10% | 单轮成本=14,050,688 | 单轮达标概率=9.0256% | 长期期望成本=155,675,944

应该放弃重来的状态：
已用=2 | 剩余=5 | 当前攻=0 | 到达概率=81.0000% | 决策=放弃重来 | 后续成功率=0.0000% | 后续期望成本=0
已用=5 | 剩余=2 | 当前攻=5 | 到达概率=1.8720% | 决策=放弃重来 | 后续成功率=0.0000% | 后续期望成本=0
已用=6 | 剩余=1 | 当前攻=7 | 到达概率=2.5920% | 决策=放弃重来 | 后续成功率=0.0000% | 后续期望成本=0

可到达状态的最优决策：
已用=0 | 剩余=7 | 当前攻=0 | 到达概率=100.0000% | 决策=继续砸 10% | 后续成功率=9.0256% | 后续期望成本=9,050,688
已用=1 | 剩余=6 | 当前攻=0 | 到达概率=90.0000% | 决策=继续砸 10% | 后续成功率=3.7216% | 后续期望成本=4,433,280
已用=1 | 剩余=6 | 当前攻=5 | 到达概率=10.0000% | 决策=继续砸 60% | 后续成功率=56.7616% | 后续期望成本=30,607,360
已用=2 | 剩余=5 | 当前攻=0 | 到达概率=81.0000% | 决策=放弃重来 | 后续成功率=0.0000% | 后续期望成本=0
已用=2 | 剩余=5 | 当前攻=5 | 到达概率=13.0000% | 决策=继续砸 60% | 后续成功率=37.2160% | 后续期望成本=24,332,800
已用=2 | 剩余=5 | 当前攻=7 | 到达概率=6.0000% | 决策=继续砸 60% | 后续成功率=69.7920% | 后续期望成本=24,790,400
已用=3 | 剩余=4 | 当前攻=5 | 到达概率=5.2000% | 决策=继续砸 60% | 后续成功率=17.4400% | 后续期望成本=15,184,000
已用=3 | 剩余=4 | 当前攻=7 | 到达概率=10.2000% | 决策=继续砸 60% | 后续成功率=50.4000% | 后续期望成本=20,432,000
已用=3 | 剩余=4 | 当前攻=9 | 到达概率=3.6000% | 决策=继续砸 60% | 后续成功率=82.7200% | 后续期望成本=17,696,000
已用=4 | 剩余=3 | 当前攻=5 | 到达概率=2.0800% | 决策=继续砸 10% | 后续成功率=4.0000% | 后续期望成本=3,040,000
已用=4 | 剩余=3 | 当前攻=7 | 到达概率=7.2000% | 决策=继续砸 60% | 后续成功率=26.4000% | 后续期望成本=13,280,000
已用=4 | 剩余=3 | 当前攻=9 | 到达概率=7.5600% | 决策=继续砸 60% | 后续成功率=66.4000% | 后续期望成本=15,200,000
已用=4 | 剩余=3 | 当前攻=11 | 到达概率=2.1600% | 决策=继续砸 60% | 后续成功率=93.6000% | 后续期望成本=9,360,000
已用=5 | 剩余=2 | 当前攻=5 | 到达概率=1.8720% | 决策=放弃重来 | 后续成功率=0.0000% | 后续期望成本=0
已用=5 | 剩余=2 | 当前攻=7 | 到达概率=2.8800% | 决策=继续砸 10% | 后续成功率=6.0000% | 后续期望成本=2,600,000
已用=5 | 剩余=2 | 当前攻=9 | 到达概率=7.3440% | 决策=继续砸 60% | 后续成功率=40.0000% | 后续期望成本=10,400,000
已用=5 | 剩余=2 | 当前攻=10 | 到达概率=0.2080% | 决策=继续砸 60% | 后续成功率=40.0000% | 后续期望成本=10,400,000
已用=5 | 剩余=2 | 当前攻=11 | 到达概率=5.4000% | 决策=继续砸 60% | 后续成功率=84.0000% | 后续期望成本=8,400,000
已用=6 | 剩余=1 | 当前攻=7 | 到达概率=2.5920% | 决策=放弃重来 | 后续成功率=0.0000% | 后续期望成本=0
已用=6 | 剩余=1 | 当前攻=9 | 到达概率=2.9376% | 决策=继续砸 10% | 后续成功率=10.0000% | 后续期望成本=2,000,000
已用=6 | 剩余=1 | 当前攻=10 | 到达概率=0.0832% | 决策=继续砸 10% | 后续成功率=10.0000% | 后续期望成本=2,000,000
已用=6 | 剩余=1 | 当前攻=11 | 到达概率=6.5664% | 决策=继续砸 60% | 后续成功率=60.0000% | 后续期望成本=6,000,000
已用=6 | 剩余=1 | 当前攻=12 | 到达概率=0.4128% | 决策=继续砸 60% | 后续成功率=60.0000% | 后续期望成本=6,000,000

固定砸满 7 张的最优对照：
2x 10% | 5x 60% | 单次成本=39,000,000 | 达标概率=6.9782% | 期望成本=558,880,176

固定砸满 7 张的全部策略：
2x 10% | 5x 60% | 单次成本=39,000,000 | 达标概率=6.9782% | 期望成本=558,880,176
3x 10% | 4x 60% | 单次成本=35,000,000 | 达标概率=5.4654% | 期望成本=640,387,599
7x 10% | 0x 60% | 单次成本=19,000,000 | 达标概率=2.5692% | 期望成本=739,544,207
5x 10% | 2x 60% | 单次成本=27,000,000 | 达标概率=3.4804% | 期望成本=775,772,900
1x 10% | 6x 60% | 单次成本=43,000,000 | 达标概率=5.4432% | 期望成本=789,976,484
4x 10% | 3x 60% | 单次成本=31,000,000 | 达标概率=3.5193% | 期望成本=880,861,994
6x 10% | 1x 60% | 单次成本=23,000,000 | 达标概率=1.5850% | 期望成本=1,451,104,101
0x 10% | 7x 60% | 单次成本=47,000,000 | 达标概率=2.7994% | 期望成本=1,678,955,190
