弓卷轴成本计算
基础攻击力：99
目标：卷轴攻击加成 >= 13
达标后武器总攻击力 >= 112
成本：弓=15,000,000，10%卷轴=2,000,000，60%卷轴=6,000,000

最优策略（允许失败后放弃重来）：
首张=10% | 单轮成本=27,005,928 | 单轮达标概率=10.4861% | 长期期望成本=257,539,757

应该放弃重来的状态：
已用=3 | 剩余=4 | 当前攻=0 | 到达概率=72.9000% | 决策=放弃重来 | 后续成功率=0.0000% | 后续期望成本=0
已用=6 | 剩余=1 | 当前攻=5 | 到达概率=4.3092% | 决策=放弃重来 | 后续成功率=0.0000% | 后续期望成本=0
已用=6 | 剩余=1 | 当前攻=7 | 到达概率=4.3416% | 决策=放弃重来 | 后续成功率=0.0000% | 后续期望成本=0

可到达状态的最优决策：
已用=0 | 剩余=7 | 当前攻=0 | 到达概率=100.0000% | 决策=继续砸 10% | 后续成功率=10.4861% | 后续期望成本=12,005,928
已用=1 | 剩余=6 | 当前攻=0 | 到达概率=90.0000% | 决策=继续砸 10% | 后续成功率=5.3380% | 后续期望成本=7,702,800
已用=1 | 剩余=6 | 当前攻=5 | 到达概率=10.0000% | 决策=继续砸 60% | 后续成功率=56.8192% | 后续期望成本=30,734,080
已用=2 | 剩余=5 | 当前攻=0 | 到达概率=81.0000% | 决策=继续砸 10% | 后续成功率=1.7800% | 后续期望成本=3,597,600
已用=2 | 剩余=5 | 当前攻=5 | 到达概率=13.0000% | 决策=继续砸 60% | 后续成功率=37.3600% | 后续期望成本=24,649,600
已用=2 | 剩余=5 | 当前攻=7 | 到达概率=6.0000% | 决策=继续砸 60% | 后续成功率=69.7920% | 后续期望成本=24,790,400
已用=3 | 剩余=4 | 当前攻=0 | 到达概率=72.9000% | 决策=放弃重来 | 后续成功率=0.0000% | 后续期望成本=0
已用=3 | 剩余=4 | 当前攻=5 | 到达概率=13.3000% | 决策=继续砸 60% | 后续成功率=17.8000% | 后续期望成本=15,976,000
已用=3 | 剩余=4 | 当前攻=7 | 到达概率=10.2000% | 决策=继续砸 60% | 后续成功率=50.4000% | 后续期望成本=20,432,000
已用=3 | 剩余=4 | 当前攻=9 | 到达概率=3.6000% | 决策=继续砸 60% | 后续成功率=82.7200% | 后续期望成本=17,696,000
已用=4 | 剩余=3 | 当前攻=5 | 到达概率=5.3200% | 决策=继续砸 10% | 后续成功率=4.9000% | 后续期望成本=5,020,000
已用=4 | 剩余=3 | 当前攻=7 | 到达概率=12.0600% | 决策=继续砸 60% | 后续成功率=26.4000% | 后续期望成本=13,280,000
已用=4 | 剩余=3 | 当前攻=9 | 到达概率=7.5600% | 决策=继续砸 60% | 后续成功率=66.4000% | 后续期望成本=15,200,000
已用=4 | 剩余=3 | 当前攻=11 | 到达概率=2.1600% | 决策=继续砸 60% | 后续成功率=93.6000% | 后续期望成本=9,360,000
已用=5 | 剩余=2 | 当前攻=5 | 到达概率=4.7880% | 决策=继续砸 10% | 后续成功率=1.0000% | 后续期望成本=2,200,000
已用=5 | 剩余=2 | 当前攻=7 | 到达概率=4.8240% | 决策=继续砸 10% | 后续成功率=6.0000% | 后续期望成本=2,600,000
已用=5 | 剩余=2 | 当前攻=9 | 到达概率=10.2600% | 决策=继续砸 60% | 后续成功率=40.0000% | 后续期望成本=10,400,000
已用=5 | 剩余=2 | 当前攻=10 | 到达概率=0.5320% | 决策=继续砸 60% | 后续成功率=40.0000% | 后续期望成本=10,400,000
已用=5 | 剩余=2 | 当前攻=11 | 到达概率=5.4000% | 决策=继续砸 60% | 后续成功率=84.0000% | 后续期望成本=8,400,000
已用=6 | 剩余=1 | 当前攻=5 | 到达概率=4.3092% | 决策=放弃重来 | 后续成功率=0.0000% | 后续期望成本=0
已用=6 | 剩余=1 | 当前攻=7 | 到达概率=4.3416% | 决策=放弃重来 | 后续成功率=0.0000% | 后续期望成本=0
已用=6 | 剩余=1 | 当前攻=9 | 到达概率=4.1040% | 决策=继续砸 10% | 后续成功率=10.0000% | 后续期望成本=2,000,000
已用=6 | 剩余=1 | 当前攻=10 | 到达概率=0.6916% | 决策=继续砸 10% | 后续成功率=10.0000% | 后续期望成本=2,000,000
已用=6 | 剩余=1 | 当前攻=11 | 到达概率=8.3160% | 决策=继续砸 60% | 后续成功率=60.0000% | 后续期望成本=6,000,000
已用=6 | 剩余=1 | 当前攻=12 | 到达概率=0.8016% | 决策=继续砸 60% | 后续成功率=60.0000% | 后续期望成本=6,000,000

固定砸满 7 张的最优对照：
2x 10% | 5x 60% | 单次成本=49,000,000 | 达标概率=6.9782% | 期望成本=702,182,785

固定砸满 7 张的全部策略：
2x 10% | 5x 60% | 单次成本=49,000,000 | 达标概率=6.9782% | 期望成本=702,182,785
3x 10% | 4x 60% | 单次成本=45,000,000 | 达标概率=5.4654% | 期望成本=823,355,485
1x 10% | 6x 60% | 单次成本=53,000,000 | 达标概率=5.4432% | 期望成本=973,691,946
5x 10% | 2x 60% | 单次成本=37,000,000 | 达标概率=3.4804% | 期望成本=1,063,096,196
7x 10% | 0x 60% | 单次成本=29,000,000 | 达标概率=2.5692% | 期望成本=1,128,778,001
4x 10% | 3x 60% | 单次成本=41,000,000 | 达标概率=3.5193% | 期望成本=1,165,011,025
0x 10% | 7x 60% | 单次成本=57,000,000 | 达标概率=2.7994% | 期望成本=2,036,179,698
6x 10% | 1x 60% | 单次成本=33,000,000 | 达标概率=1.5850% | 期望成本=2,082,018,927
