弓卷轴成本计算
基础攻击力：97
目标：卷轴攻击加成 >= 15
达标后武器总攻击力 >= 112
成本：弓=5,000,000，10%卷轴=2,000,000，60%卷轴=6,000,000

最优策略（允许失败后放弃重来）：
首张=10% | 单轮成本=13,284,704 | 单轮达标概率=3.9254% | 长期期望成本=338,432,755

应该放弃重来的状态：
已用=2 | 剩余=5 | 当前攻=0 | 到达概率=81.0000% | 决策=放弃重来 | 后续成功率=0.0000% | 后续期望成本=0
已用=6 | 剩余=1 | 当前攻=5 | 到达概率=3.7908% | 决策=放弃重来 | 后续成功率=0.0000% | 后续期望成本=0
已用=6 | 剩余=1 | 当前攻=7 | 到达概率=3.3048% | 决策=放弃重来 | 后续成功率=0.0000% | 后续期望成本=0
已用=6 | 剩余=1 | 当前攻=9 | 到达概率=2.7216% | 决策=放弃重来 | 后续成功率=0.0000% | 后续期望成本=0

可到达状态的最优决策：
已用=0 | 剩余=7 | 当前攻=0 | 到达概率=100.0000% | 决策=继续砸 10% | 后续成功率=3.9254% | 后续期望成本=8,284,704
已用=1 | 剩余=6 | 当前攻=0 | 到达概率=90.0000% | 决策=继续砸 10% | 后续成功率=1.2952% | 后续期望成本=3,850,560
已用=1 | 剩余=6 | 当前攻=5 | 到达概率=10.0000% | 决策=继续砸 60% | 后续成功率=27.5968% | 后续期望成本=28,192,000
已用=2 | 剩余=5 | 当前攻=0 | 到达概率=81.0000% | 决策=放弃重来 | 后续成功率=0.0000% | 后续期望成本=0
已用=2 | 剩余=5 | 当前攻=5 | 到达概率=13.0000% | 决策=继续砸 60% | 后续成功率=12.9520% | 后续期望成本=18,505,600
已用=2 | 剩余=5 | 当前攻=7 | 到达概率=6.0000% | 决策=继续砸 60% | 后续成功率=37.3600% | 后续期望成本=24,649,600
已用=3 | 剩余=4 | 当前攻=5 | 到达概率=5.2000% | 决策=继续砸 10% | 后续成功率=5.6800% | 后续期望成本=7,300,000
已用=3 | 剩余=4 | 当前攻=7 | 到达概率=10.2000% | 决策=继续砸 60% | 后续成功率=17.8000% | 后续期望成本=15,976,000
已用=3 | 剩余=4 | 当前攻=9 | 到达概率=3.6000% | 决策=继续砸 60% | 后续成功率=50.4000% | 后续期望成本=20,432,000
已用=4 | 剩余=3 | 当前攻=5 | 到达概率=4.6800% | 决策=继续砸 10% | 后续成功率=2.8000% | 后续期望成本=4,360,000
已用=4 | 剩余=3 | 当前攻=7 | 到达概率=4.0800% | 决策=继续砸 10% | 后续成功率=4.9000% | 后续期望成本=5,020,000
已用=4 | 剩余=3 | 当前攻=9 | 到达概率=7.5600% | 决策=继续砸 60% | 后续成功率=26.4000% | 后续期望成本=13,280,000
已用=4 | 剩余=3 | 当前攻=10 | 到达概率=0.5200% | 决策=继续砸 60% | 后续成功率=31.6000% | 后续期望成本=13,760,000
已用=4 | 剩余=3 | 当前攻=11 | 到达概率=2.1600% | 决策=继续砸 60% | 后续成功率=66.4000% | 后续期望成本=15,200,000
已用=5 | 剩余=2 | 当前攻=5 | 到达概率=4.2120% | 决策=继续砸 10% | 后续成功率=1.0000% | 后续期望成本=2,200,000
已用=5 | 剩余=2 | 当前攻=7 | 到达概率=3.6720% | 决策=继续砸 10% | 后续成功率=1.0000% | 后续期望成本=2,200,000
已用=5 | 剩余=2 | 当前攻=9 | 到达概率=3.0240% | 决策=继续砸 10% | 后续成功率=6.0000% | 后续期望成本=2,600,000
已用=5 | 剩余=2 | 当前攻=10 | 到达概率=0.6760% | 决策=继续砸 10% | 后续成功率=19.0000% | 后续期望成本=3,800,000
已用=5 | 剩余=2 | 当前攻=11 | 到达概率=5.4000% | 决策=继续砸 60% | 后续成功率=40.0000% | 后续期望成本=10,400,000
已用=5 | 剩余=2 | 当前攻=12 | 到达概率=0.7200% | 决策=继续砸 60% | 后续成功率=40.0000% | 后续期望成本=10,400,000
已用=5 | 剩余=2 | 当前攻=13 | 到达概率=1.2960% | 决策=继续砸 60% | 后续成功率=84.0000% | 后续期望成本=8,400,000
已用=6 | 剩余=1 | 当前攻=5 | 到达概率=3.7908% | 决策=放弃重来 | 后续成功率=0.0000% | 后续期望成本=0
已用=6 | 剩余=1 | 当前攻=7 | 到达概率=3.3048% | 决策=放弃重来 | 后续成功率=0.0000% | 后续期望成本=0
已用=6 | 剩余=1 | 当前攻=9 | 到达概率=2.7216% | 决策=放弃重来 | 后续成功率=0.0000% | 后续期望成本=0
已用=6 | 剩余=1 | 当前攻=10 | 到达概率=1.0296% | 决策=继续砸 10% | 后续成功率=10.0000% | 后续期望成本=2,000,000
已用=6 | 剩余=1 | 当前攻=11 | 到达概率=2.1600% | 决策=继续砸 10% | 后续成功率=10.0000% | 后续期望成本=2,000,000
已用=6 | 剩余=1 | 当前攻=12 | 到达概率=0.6552% | 决策=继续砸 10% | 后续成功率=10.0000% | 后续期望成本=2,000,000
已用=6 | 剩余=1 | 当前攻=13 | 到达概率=3.7584% | 决策=继续砸 60% | 后续成功率=60.0000% | 后续期望成本=6,000,000
已用=6 | 剩余=1 | 当前攻=14 | 到达概率=0.7344% | 决策=继续砸 60% | 后续成功率=60.0000% | 后续期望成本=6,000,000

固定砸满 7 张的最优对照：
7x 10% | 0x 60% | 单次成本=19,000,000 | 达标概率=2.5692% | 期望成本=739,544,207

固定砸满 7 张的全部策略：
7x 10% | 0x 60% | 单次成本=19,000,000 | 达标概率=2.5692% | 期望成本=739,544,207
6x 10% | 1x 60% | 单次成本=23,000,000 | 达标概率=1.5850% | 期望成本=1,451,104,101
1x 10% | 6x 60% | 单次成本=43,000,000 | 达标概率=2.3328% | 期望成本=1,843,278,464
2x 10% | 5x 60% | 单次成本=39,000,000 | 达标概率=2.0822% | 期望成本=1,872,982,941
4x 10% | 3x 60% | 单次成本=31,000,000 | 达标概率=1.4198% | 期望成本=2,183,467,628
3x 10% | 4x 60% | 单次成本=35,000,000 | 达标概率=1.3830% | 期望成本=2,530,657,103
5x 10% | 2x 60% | 单次成本=27,000,000 | 达标概率=0.8560% | 期望成本=3,154,205,607
0x 10% | 7x 60% | 单次成本=47,000,000 | 达标概率=0.0000% | 期望成本=N/A
