弓卷轴成本计算
基础攻击力：96
目标：卷轴攻击加成 >= 15
达标后武器总攻击力 >= 111
成本：弓=3,000,000，10%卷轴=2,000,000，60%卷轴=6,000,000

最优策略（允许失败后放弃重来）：
首张=10% | 单轮成本=7,504,272 | 单轮达标概率=2.6560% | 长期期望成本=282,540,361

应该放弃重来的状态：
已用=1 | 剩余=6 | 当前攻=0 | 到达概率=90.0000% | 决策=放弃重来 | 后续成功率=0.0000% | 后续期望成本=0
已用=6 | 剩余=1 | 当前攻=5 | 到达概率=2.6244% | 决策=放弃重来 | 后续成功率=0.0000% | 后续期望成本=0
已用=6 | 剩余=1 | 当前攻=7 | 到达概率=0.7776% | 决策=放弃重来 | 后续成功率=0.0000% | 后续期望成本=0
已用=6 | 剩余=1 | 当前攻=9 | 到达概率=1.0368% | 决策=放弃重来 | 后续成功率=0.0000% | 后续期望成本=0

可到达状态的最优决策：
已用=0 | 剩余=7 | 当前攻=0 | 到达概率=100.0000% | 决策=继续砸 10% | 后续成功率=2.6560% | 后续期望成本=4,504,272
已用=1 | 剩余=6 | 当前攻=0 | 到达概率=90.0000% | 决策=放弃重来 | 后续成功率=0.0000% | 后续期望成本=0
已用=1 | 剩余=6 | 当前攻=5 | 到达概率=10.0000% | 决策=继续砸 60% | 后续成功率=26.5600% | 后续期望成本=25,042,720
已用=2 | 剩余=5 | 当前攻=5 | 到达概率=4.0000% | 决策=继续砸 10% | 后续成功率=10.3600% | 后续期望成本=10,632,400
已用=2 | 剩余=5 | 当前攻=7 | 到达概率=6.0000% | 决策=继续砸 60% | 后续成功率=37.3600% | 后续期望成本=24,649,600
已用=3 | 剩余=4 | 当前攻=5 | 到达概率=3.6000% | 决策=继续砸 10% | 后续成功率=5.6800% | 后续期望成本=7,300,000
已用=3 | 剩余=4 | 当前攻=7 | 到达概率=2.4000% | 决策=继续砸 60% | 后续成功率=17.8000% | 后续期望成本=15,976,000
已用=3 | 剩余=4 | 当前攻=9 | 到达概率=3.6000% | 决策=继续砸 60% | 后续成功率=50.4000% | 后续期望成本=20,432,000
已用=3 | 剩余=4 | 当前攻=10 | 到达概率=0.4000% | 决策=继续砸 60% | 后续成功率=52.4800% | 后续期望成本=20,624,000
已用=4 | 剩余=3 | 当前攻=5 | 到达概率=3.2400% | 决策=继续砸 10% | 后续成功率=2.8000% | 后续期望成本=4,360,000
已用=4 | 剩余=3 | 当前攻=7 | 到达概率=0.9600% | 决策=继续砸 10% | 后续成功率=4.9000% | 后续期望成本=5,020,000
已用=4 | 剩余=3 | 当前攻=9 | 到达概率=2.8800% | 决策=继续砸 60% | 后续成功率=26.4000% | 后续期望成本=13,280,000
已用=4 | 剩余=3 | 当前攻=10 | 到达概率=0.5200% | 决策=继续砸 60% | 后续成功率=31.6000% | 后续期望成本=13,760,000
已用=4 | 剩余=3 | 当前攻=11 | 到达概率=2.1600% | 决策=继续砸 60% | 后续成功率=66.4000% | 后续期望成本=15,200,000
已用=4 | 剩余=3 | 当前攻=12 | 到达概率=0.2400% | 决策=继续砸 60% | 后续成功率=66.4000% | 后续期望成本=15,200,000
已用=5 | 剩余=2 | 当前攻=5 | 到达概率=2.9160% | 决策=继续砸 10% | 后续成功率=1.0000% | 后续期望成本=2,200,000
已用=5 | 剩余=2 | 当前攻=7 | 到达概率=0.8640% | 决策=继续砸 10% | 后续成功率=1.0000% | 后续期望成本=2,200,000
已用=5 | 剩余=2 | 当前攻=9 | 到达概率=1.1520% | 决策=继续砸 10% | 后续成功率=6.0000% | 后续期望成本=2,600,000
已用=5 | 剩余=2 | 当前攻=10 | 到达概率=0.5320% | 决策=继续砸 10% | 后续成功率=19.0000% | 后续期望成本=3,800,000
已用=5 | 剩余=2 | 当前攻=11 | 到达概率=2.5920% | 决策=继续砸 60% | 后续成功率=40.0000% | 后续期望成本=10,400,000
已用=5 | 剩余=2 | 当前攻=12 | 到达概率=0.5040% | 决策=继续砸 60% | 后续成功率=40.0000% | 后续期望成本=10,400,000
已用=5 | 剩余=2 | 当前攻=13 | 到达概率=1.2960% | 决策=继续砸 60% | 后续成功率=84.0000% | 后续期望成本=8,400,000
已用=5 | 剩余=2 | 当前攻=14 | 到达概率=0.1440% | 决策=继续砸 60% | 后续成功率=84.0000% | 后续期望成本=8,400,000
已用=6 | 剩余=1 | 当前攻=5 | 到达概率=2.6244% | 决策=放弃重来 | 后续成功率=0.0000% | 后续期望成本=0
已用=6 | 剩余=1 | 当前攻=7 | 到达概率=0.7776% | 决策=放弃重来 | 后续成功率=0.0000% | 后续期望成本=0
已用=6 | 剩余=1 | 当前攻=9 | 到达概率=1.0368% | 决策=放弃重来 | 后续成功率=0.0000% | 后续期望成本=0
已用=6 | 剩余=1 | 当前攻=10 | 到达概率=0.7704% | 决策=继续砸 10% | 后续成功率=10.0000% | 后续期望成本=2,000,000
已用=6 | 剩余=1 | 当前攻=11 | 到达概率=1.0368% | 决策=继续砸 10% | 后续成功率=10.0000% | 后续期望成本=2,000,000
已用=6 | 剩余=1 | 当前攻=12 | 到达概率=0.2880% | 决策=继续砸 10% | 后续成功率=10.0000% | 后续期望成本=2,000,000
已用=6 | 剩余=1 | 当前攻=13 | 到达概率=2.0736% | 决策=继续砸 60% | 后续成功率=60.0000% | 后续期望成本=6,000,000
已用=6 | 剩余=1 | 当前攻=14 | 到达概率=0.4752% | 决策=继续砸 60% | 后续成功率=60.0000% | 后续期望成本=6,000,000

固定砸满 7 张的最优对照：
7x 10% | 0x 60% | 单次成本=17,000,000 | 达标概率=2.5692% | 期望成本=661,697,449

固定砸满 7 张的全部策略：
7x 10% | 0x 60% | 单次成本=17,000,000 | 达标概率=2.5692% | 期望成本=661,697,449
6x 10% | 1x 60% | 单次成本=21,000,000 | 达标概率=1.5850% | 期望成本=1,324,921,136
1x 10% | 6x 60% | 单次成本=41,000,000 | 达标概率=2.3328% | 期望成本=1,757,544,582
2x 10% | 5x 60% | 单次成本=37,000,000 | 达标概率=2.0822% | 期望成本=1,776,932,534
4x 10% | 3x 60% | 单次成本=29,000,000 | 达标概率=1.4198% | 期望成本=2,042,598,749
3x 10% | 4x 60% | 单次成本=33,000,000 | 达标概率=1.3830% | 期望成本=2,386,048,126
5x 10% | 2x 60% | 单次成本=25,000,000 | 达标概率=0.8560% | 期望成本=2,920,560,748
0x 10% | 7x 60% | 单次成本=45,000,000 | 达标概率=0.0000% | 期望成本=N/A
