长枪卷轴成本计算
基础攻击力：109
目标：卷轴攻击加成 >= 15
达标后武器总攻击力 >= 124
成本：长枪=60,000,000，10%卷轴=2,000,000，60%卷轴=110,000

最优策略（允许失败后放弃重来）：
首张=10% | 单轮成本=68,331,656 | 单轮达标概率=4.5896% | 长期期望成本=1,488,849,820

应该放弃重来的状态：
已用=4 | 剩余=3 | 当前攻=0 | 到达概率=65.6100% | 决策=放弃重来 | 后续成功率=0.0000% | 后续期望成本=0
已用=6 | 剩余=1 | 当前攻=5 | 到达概率=15.6006% | 决策=放弃重来 | 后续成功率=0.0000% | 后续期望成本=0
已用=6 | 剩余=1 | 当前攻=7 | 到达概率=3.3048% | 决策=放弃重来 | 后续成功率=0.0000% | 后续期望成本=0
已用=6 | 剩余=1 | 当前攻=9 | 到达概率=1.2096% | 决策=放弃重来 | 后续成功率=0.0000% | 后续期望成本=0

可到达状态的最优决策：
已用=0 | 剩余=7 | 当前攻=0 | 到达概率=100.0000% | 决策=继续砸 10% | 后续成功率=4.5896% | 后续期望成本=8,331,656
已用=1 | 剩余=6 | 当前攻=0 | 到达概率=90.0000% | 决策=继续砸 10% | 后续成功率=2.0332% | 后续期望成本=6,731,451
已用=1 | 剩余=6 | 当前攻=5 | 到达概率=10.0000% | 决策=继续砸 60% | 后续成功率=27.5968% | 后续期望成本=2,733,501
已用=2 | 剩余=5 | 当前攻=0 | 到达概率=81.0000% | 决策=继续砸 10% | 后续成功率=0.8200% | 后续期望成本=4,806,956
已用=2 | 剩余=5 | 当前攻=5 | 到达概率=13.0000% | 决策=继续砸 60% | 后续成功率=12.9520% | 后续期望成本=4,051,904
已用=2 | 剩余=5 | 当前攻=7 | 到达概率=6.0000% | 决策=继续砸 60% | 后续成功率=37.3600% | 后续期望成本=1,671,232
已用=3 | 剩余=4 | 当前攻=0 | 到达概率=72.9000% | 决策=继续砸 10% | 后续成功率=0.2800% | 后续期望成本=2,436,000
已用=3 | 剩余=4 | 当前攻=5 | 到达概率=13.3000% | 决策=继续砸 10% | 后续成功率=5.6800% | 后续期望成本=6,145,560
已用=3 | 剩余=4 | 当前攻=7 | 到达概率=10.2000% | 决策=继续砸 60% | 后续成功率=17.8000% | 后续期望成本=2,472,800
已用=3 | 剩余=4 | 当前攻=9 | 到达概率=3.6000% | 决策=继续砸 60% | 后续成功率=50.4000% | 后续期望成本=953,520
已用=4 | 剩余=3 | 当前攻=0 | 到达概率=65.6100% | 决策=放弃重来 | 后续成功率=0.0000% | 后续期望成本=0
已用=4 | 剩余=3 | 当前攻=5 | 到达概率=19.2600% | 决策=继续砸 10% | 后续成功率=2.8000% | 后续期望成本=4,360,000
已用=4 | 剩余=3 | 当前攻=7 | 到达概率=4.0800% | 决策=继续砸 10% | 后续成功率=4.9000% | 后续期望成本=4,077,600
已用=4 | 剩余=3 | 当前攻=9 | 到达概率=7.5600% | 决策=继续砸 60% | 后续成功率=26.4000% | 后续期望成本=1,219,600
已用=4 | 剩余=3 | 当前攻=10 | 到达概率=1.3300% | 决策=继续砸 60% | 后续成功率=31.6000% | 后续期望成本=2,215,600
已用=4 | 剩余=3 | 当前攻=11 | 到达概率=2.1600% | 决策=继续砸 60% | 后续成功率=66.4000% | 后续期望成本=592,800
已用=5 | 剩余=2 | 当前攻=5 | 到达概率=17.3340% | 决策=继续砸 10% | 后续成功率=1.0000% | 后续期望成本=2,200,000
已用=5 | 剩余=2 | 当前攻=7 | 到达概率=3.6720% | 决策=继续砸 10% | 后续成功率=1.0000% | 后续期望成本=2,200,000
已用=5 | 剩余=2 | 当前攻=9 | 到达概率=3.0240% | 决策=继续砸 60% | 后续成功率=6.0000% | 后续期望成本=1,310,000
已用=5 | 剩余=2 | 当前攻=10 | 到达概率=2.4580% | 决策=继续砸 10% | 后续成功率=19.0000% | 后续期望成本=3,800,000
已用=5 | 剩余=2 | 当前攻=11 | 到达概率=5.4000% | 决策=继续砸 60% | 后续成功率=40.0000% | 后续期望成本=976,000
已用=5 | 剩余=2 | 当前攻=12 | 到达概率=1.2060% | 决策=继续砸 60% | 后续成功率=40.0000% | 后续期望成本=976,000
已用=5 | 剩余=2 | 当前攻=13 | 到达概率=1.2960% | 决策=继续砸 60% | 后续成功率=84.0000% | 后续期望成本=154,000
已用=6 | 剩余=1 | 当前攻=5 | 到达概率=15.6006% | 决策=放弃重来 | 后续成功率=0.0000% | 后续期望成本=0
已用=6 | 剩余=1 | 当前攻=7 | 到达概率=3.3048% | 决策=放弃重来 | 后续成功率=0.0000% | 后续期望成本=0
已用=6 | 剩余=1 | 当前攻=9 | 到达概率=1.2096% | 决策=放弃重来 | 后续成功率=0.0000% | 后续期望成本=0
已用=6 | 剩余=1 | 当前攻=10 | 到达概率=3.9456% | 决策=继续砸 10% | 后续成功率=10.0000% | 后续期望成本=2,000,000
已用=6 | 剩余=1 | 当前攻=11 | 到达概率=3.9744% | 决策=继续砸 10% | 后续成功率=10.0000% | 后续期望成本=2,000,000
已用=6 | 剩余=1 | 当前攻=12 | 到达概率=0.8496% | 决策=继续砸 10% | 后续成功率=10.0000% | 后续期望成本=2,000,000
已用=6 | 剩余=1 | 当前攻=13 | 到达概率=3.7584% | 决策=继续砸 60% | 后续成功率=60.0000% | 后续期望成本=110,000
已用=6 | 剩余=1 | 当前攻=14 | 到达概率=0.7236% | 决策=继续砸 60% | 后续成功率=60.0000% | 后续期望成本=110,000

固定砸满 7 张的最优对照：
1x 10% | 6x 60% | 单次成本=62,660,000 | 达标概率=2.3328% | 期望成本=2,686,042,524

固定砸满 7 张的全部策略：
1x 10% | 6x 60% | 单次成本=62,660,000 | 达标概率=2.3328% | 期望成本=2,686,042,524
7x 10% | 0x 60% | 单次成本=74,000,000 | 达标概率=2.5692% | 期望成本=2,880,330,070
2x 10% | 5x 60% | 单次成本=64,550,000 | 达标概率=2.0822% | 期望成本=3,100,026,894
6x 10% | 1x 60% | 单次成本=72,110,000 | 达标概率=1.5850% | 期望成本=4,549,526,814
3x 10% | 4x 60% | 单次成本=66,440,000 | 达标概率=1.3830% | 期望成本=4,803,910,227
4x 10% | 3x 60% | 单次成本=68,330,000 | 达标概率=1.4198% | 期望成本=4,812,785,259
5x 10% | 2x 60% | 单次成本=70,220,000 | 达标概率=0.8560% | 期望成本=8,203,271,028
0x 10% | 7x 60% | 单次成本=60,770,000 | 达标概率=0.0000% | 期望成本=N/A
