长枪卷轴成本计算
基础攻击力：105
目标：卷轴攻击加成 >= 15
达标后武器总攻击力 >= 120
成本：长枪=7,000,000，10%卷轴=2,000,000，60%卷轴=110,000

最优策略（允许失败后放弃重来）：
首张=60% | 单轮成本=9,417,657 | 单轮达标概率=3.5856% | 长期期望成本=262,652,191

应该放弃重来的状态：
已用=2 | 剩余=5 | 当前攻=0 | 到达概率=16.0000% | 决策=放弃重来 | 后续成功率=0.0000% | 后续期望成本=0
已用=3 | 剩余=4 | 当前攻=2 | 到达概率=19.2000% | 决策=放弃重来 | 后续成功率=0.0000% | 后续期望成本=0
已用=5 | 剩余=2 | 当前攻=4 | 到达概率=6.9120% | 决策=放弃重来 | 后续成功率=0.0000% | 后续期望成本=0
已用=6 | 剩余=1 | 当前攻=6 | 到达概率=37.3248% | 决策=放弃重来 | 后续成功率=0.0000% | 后续期望成本=0
已用=6 | 剩余=1 | 当前攻=8 | 到达概率=2.0736% | 决策=放弃重来 | 后续成功率=0.0000% | 后续期望成本=0

可到达状态的最优决策：
已用=0 | 剩余=7 | 当前攻=0 | 到达概率=100.0000% | 决策=继续砸 60% | 后续成功率=3.5856% | 后续期望成本=2,417,657
已用=1 | 剩余=6 | 当前攻=0 | 到达概率=40.0000% | 决策=继续砸 60% | 后续成功率=1.1448% | 后续期望成本=1,302,282
已用=1 | 剩余=6 | 当前攻=2 | 到达概率=60.0000% | 决策=继续砸 60% | 后续成功率=5.2128% | 后续期望成本=2,977,907
已用=2 | 剩余=5 | 当前攻=0 | 到达概率=16.0000% | 决策=放弃重来 | 后续成功率=0.0000% | 后续期望成本=0
已用=2 | 剩余=5 | 当前攻=2 | 到达概率=48.0000% | 决策=继续砸 60% | 后续成功率=1.9080% | 后续期望成本=1,987,136
已用=2 | 剩余=5 | 当前攻=4 | 到达概率=36.0000% | 决策=继续砸 60% | 后续成功率=7.4160% | 后续期望成本=3,455,088
已用=3 | 剩余=4 | 当前攻=2 | 到达概率=19.2000% | 决策=放弃重来 | 后续成功率=0.0000% | 后续期望成本=0
已用=3 | 剩余=4 | 当前攻=4 | 到达概率=43.2000% | 决策=继续砸 60% | 后续成功率=3.1800% | 后续期望成本=3,128,560
已用=3 | 剩余=4 | 当前攻=6 | 到达概率=21.6000% | 决策=继续砸 60% | 后续成功率=10.2400% | 后续期望成本=3,489,440
已用=4 | 剩余=3 | 当前攻=4 | 到达概率=17.2800% | 决策=继续砸 60% | 后续成功率=0.6000% | 后续期望成本=1,430,000
已用=4 | 剩余=3 | 当前攻=6 | 到达概率=34.5600% | 决策=继续砸 10% | 后续成功率=4.9000% | 后续期望成本=4,077,600
已用=4 | 剩余=3 | 当前攻=8 | 到达概率=12.9600% | 决策=继续砸 60% | 后续成功率=13.8000% | 后续期望成本=2,914,000
已用=5 | 剩余=2 | 当前攻=4 | 到达概率=6.9120% | 决策=放弃重来 | 后续成功率=0.0000% | 后续期望成本=0
已用=5 | 剩余=2 | 当前攻=6 | 到达概率=41.4720% | 决策=继续砸 10% | 后续成功率=1.0000% | 后续期望成本=2,200,000
已用=5 | 剩余=2 | 当前攻=8 | 到达概率=5.1840% | 决策=继续砸 60% | 后续成功率=6.0000% | 后续期望成本=1,310,000
已用=5 | 剩余=2 | 当前攻=10 | 到达概率=7.7760% | 决策=继续砸 10% | 后续成功率=19.0000% | 后续期望成本=3,800,000
已用=5 | 剩余=2 | 当前攻=11 | 到达概率=3.4560% | 决策=继续砸 60% | 后续成功率=40.0000% | 后续期望成本=976,000
已用=6 | 剩余=1 | 当前攻=6 | 到达概率=37.3248% | 决策=放弃重来 | 后续成功率=0.0000% | 后续期望成本=0
已用=6 | 剩余=1 | 当前攻=8 | 到达概率=2.0736% | 决策=放弃重来 | 后续成功率=0.0000% | 后续期望成本=0
已用=6 | 剩余=1 | 当前攻=10 | 到达概率=10.1088% | 决策=继续砸 10% | 后续成功率=10.0000% | 后续期望成本=2,000,000
已用=6 | 剩余=1 | 当前攻=11 | 到达概率=5.5296% | 决策=继续砸 10% | 后续成功率=10.0000% | 后续期望成本=2,000,000
已用=6 | 剩余=1 | 当前攻=13 | 到达概率=2.0736% | 决策=继续砸 60% | 后续成功率=60.0000% | 后续期望成本=110,000

固定砸满 7 张的最优对照：
1x 10% | 6x 60% | 单次成本=9,660,000 | 达标概率=2.3328% | 期望成本=414,094,650

固定砸满 7 张的全部策略：
1x 10% | 6x 60% | 单次成本=9,660,000 | 达标概率=2.3328% | 期望成本=414,094,650
2x 10% | 5x 60% | 单次成本=11,550,000 | 达标概率=2.0822% | 期望成本=554,691,102
7x 10% | 0x 60% | 单次成本=21,000,000 | 达标概率=2.5692% | 期望成本=817,390,966
3x 10% | 4x 60% | 单次成本=13,440,000 | 达标概率=1.3830% | 期望成本=971,772,328
4x 10% | 3x 60% | 单次成本=15,330,000 | 达标概率=1.4198% | 期望成本=1,079,759,959
6x 10% | 1x 60% | 单次成本=19,110,000 | 达标概率=1.5850% | 期望成本=1,205,678,233
5x 10% | 2x 60% | 单次成本=17,220,000 | 达标概率=0.8560% | 期望成本=2,011,682,243
0x 10% | 7x 60% | 单次成本=7,770,000 | 达标概率=0.0000% | 期望成本=N/A
