长枪卷轴成本计算
基础攻击力：104
目标：卷轴攻击加成 >= 15
达标后武器总攻击力 >= 119
成本：长枪=3,000,000，10%卷轴=2,000,000，60%卷轴=110,000

最优策略（允许失败后放弃重来）：
首张=60% | 单轮成本=4,070,992 | 单轮达标概率=3.0326% | 长期期望成本=134,239,211

应该放弃重来的状态：
已用=2 | 剩余=5 | 当前攻=0 | 到达概率=16.0000% | 决策=放弃重来 | 后续成功率=0.0000% | 后续期望成本=0
已用=3 | 剩余=4 | 当前攻=2 | 到达概率=19.2000% | 决策=放弃重来 | 后续成功率=0.0000% | 后续期望成本=0
已用=4 | 剩余=3 | 当前攻=4 | 到达概率=17.2800% | 决策=放弃重来 | 后续成功率=0.0000% | 后续期望成本=0
已用=5 | 剩余=2 | 当前攻=6 | 到达概率=13.8240% | 决策=放弃重来 | 后续成功率=0.0000% | 后续期望成本=0
已用=6 | 剩余=1 | 当前攻=8 | 到达概率=10.3680% | 决策=放弃重来 | 后续成功率=0.0000% | 后续期望成本=0

可到达状态的最优决策：
已用=0 | 剩余=7 | 当前攻=0 | 到达概率=100.0000% | 决策=继续砸 60% | 后续成功率=3.0326% | 后续期望成本=1,070,992
已用=1 | 剩余=6 | 当前攻=0 | 到达概率=40.0000% | 决策=继续砸 60% | 后续成功率=0.7776% | 后续期望成本=409,136
已用=1 | 剩余=6 | 当前攻=2 | 到达概率=60.0000% | 决策=继续砸 60% | 后续成功率=4.5360% | 后续期望成本=1,328,896
已用=2 | 剩余=5 | 当前攻=0 | 到达概率=16.0000% | 决策=放弃重来 | 后续成功率=0.0000% | 后续期望成本=0
已用=2 | 剩余=5 | 当前攻=2 | 到达概率=48.0000% | 决策=继续砸 60% | 后续成功率=1.2960% | 后续期望成本=498,560
已用=2 | 剩余=5 | 当前攻=4 | 到达概率=36.0000% | 决策=继续砸 60% | 后续成功率=6.6960% | 后续期望成本=1,699,120
已用=3 | 剩余=4 | 当前攻=2 | 到达概率=19.2000% | 决策=放弃重来 | 后续成功率=0.0000% | 后续期望成本=0
已用=3 | 剩余=4 | 当前攻=4 | 到达概率=43.2000% | 决策=继续砸 60% | 后续成功率=2.1600% | 后续期望成本=647,600
已用=3 | 剩余=4 | 当前攻=6 | 到达概率=21.6000% | 决策=继续砸 60% | 后续成功率=9.7200% | 后续期望成本=2,216,800
已用=4 | 剩余=3 | 当前攻=4 | 到达概率=17.2800% | 决策=放弃重来 | 后续成功率=0.0000% | 后续期望成本=0
已用=4 | 剩余=3 | 当前攻=6 | 到达概率=34.5600% | 决策=继续砸 60% | 后续成功率=3.6000% | 后续期望成本=896,000
已用=4 | 剩余=3 | 当前攻=8 | 到达概率=12.9600% | 决策=继续砸 60% | 后续成功率=13.8000% | 后续期望成本=2,914,000
已用=5 | 剩余=2 | 当前攻=6 | 到达概率=13.8240% | 决策=放弃重来 | 后续成功率=0.0000% | 后续期望成本=0
已用=5 | 剩余=2 | 当前攻=8 | 到达概率=25.9200% | 决策=继续砸 60% | 后续成功率=6.0000% | 后续期望成本=1,310,000
已用=5 | 剩余=2 | 当前攻=10 | 到达概率=7.7760% | 决策=继续砸 10% | 后续成功率=19.0000% | 后续期望成本=3,800,000
已用=6 | 剩余=1 | 当前攻=8 | 到达概率=10.3680% | 决策=放弃重来 | 后续成功率=0.0000% | 后续期望成本=0
已用=6 | 剩余=1 | 当前攻=10 | 到达概率=22.5504% | 决策=继续砸 10% | 后续成功率=10.0000% | 后续期望成本=2,000,000

固定砸满 7 张的最优对照：
1x 10% | 6x 60% | 单次成本=5,660,000 | 达标概率=2.3328% | 期望成本=242,626,886

固定砸满 7 张的全部策略：
1x 10% | 6x 60% | 单次成本=5,660,000 | 达标概率=2.3328% | 期望成本=242,626,886
2x 10% | 5x 60% | 单次成本=7,550,000 | 达标概率=2.0822% | 期望成本=362,590,287
7x 10% | 0x 60% | 单次成本=17,000,000 | 达标概率=2.5692% | 期望成本=661,697,449
3x 10% | 4x 60% | 单次成本=9,440,000 | 达标概率=1.3830% | 期望成本=682,554,373
4x 10% | 3x 60% | 单次成本=11,330,000 | 达标概率=1.4198% | 期望成本=798,022,201
6x 10% | 1x 60% | 单次成本=15,110,000 | 达标概率=1.5850% | 期望成本=953,312,303
5x 10% | 2x 60% | 单次成本=13,220,000 | 达标概率=0.8560% | 期望成本=1,544,392,523
0x 10% | 7x 60% | 单次成本=3,770,000 | 达标概率=0.0000% | 期望成本=N/A
