长枪卷轴成本计算
基础攻击力：109
目标：卷轴攻击加成 >= 10
达标后武器总攻击力 >= 119
成本：长枪=60,000,000，10%卷轴=2,000,000，60%卷轴=110,000

最优策略（允许失败后放弃重来）：
首张=60% | 单轮成本=61,287,158 | 单轮达标概率=44.8038% | 长期期望成本=136,789,968

应该放弃重来的状态：
已用=5 | 剩余=2 | 当前攻=0 | 到达概率=2.3040% | 决策=放弃重来 | 后续成功率=0.0000% | 后续期望成本=0
已用=5 | 剩余=2 | 当前攻=2 | 到达概率=6.1440% | 决策=放弃重来 | 后续成功率=0.0000% | 后续期望成本=0
已用=6 | 剩余=1 | 当前攻=4 | 到达概率=9.2160% | 决策=放弃重来 | 后续成功率=0.0000% | 后续期望成本=0

可到达状态的最优决策：
已用=0 | 剩余=7 | 当前攻=0 | 到达概率=100.0000% | 决策=继续砸 60% | 后续成功率=44.8038% | 后续期望成本=1,287,158
已用=1 | 剩余=6 | 当前攻=0 | 到达概率=40.0000% | 决策=继续砸 60% | 后续成功率=26.9056% | 后续期望成本=1,395,280
已用=1 | 剩余=6 | 当前攻=2 | 到达概率=60.0000% | 决策=继续砸 60% | 后续成功率=56.7360% | 后续期望成本=1,031,744
已用=2 | 剩余=5 | 当前攻=0 | 到达概率=16.0000% | 决策=继续砸 60% | 后续成功率=11.5360% | 后续期望成本=1,469,936
已用=2 | 剩余=5 | 当前攻=2 | 到达概率=48.0000% | 决策=继续砸 60% | 后续成功率=37.1520% | 后续期望成本=1,162,176
已用=2 | 剩余=5 | 当前攻=4 | 到达概率=36.0000% | 决策=继续砸 60% | 后续成功率=69.7920% | 后续期望成本=761,456
已用=3 | 剩余=4 | 当前攻=0 | 到达概率=6.4000% | 决策=继续砸 60% | 后续成功率=2.9200% | 后续期望成本=1,599,600
已用=3 | 剩余=4 | 当前攻=2 | 到达概率=28.8000% | 决策=继续砸 60% | 后续成功率=17.2800% | 后续期望成本=1,200,160
已用=3 | 剩余=4 | 当前攻=4 | 到达概率=43.2000% | 决策=继续砸 60% | 后续成功率=50.4000% | 后续期望成本=953,520
已用=3 | 剩余=4 | 当前攻=6 | 到达概率=21.6000% | 决策=继续砸 60% | 后续成功率=82.7200% | 后续期望成本=450,080
已用=4 | 剩余=3 | 当前攻=0 | 到达概率=2.5600% | 决策=继续砸 10% | 后续成功率=1.9000% | 后续期望成本=2,380,000
已用=4 | 剩余=3 | 当前攻=2 | 到达概率=15.3600% | 决策=继续砸 60% | 后续成功率=3.6000% | 后续期望成本=896,000
已用=4 | 剩余=3 | 当前攻=4 | 到达概率=34.5600% | 决策=继续砸 60% | 后续成功率=26.4000% | 后续期望成本=1,219,600
已用=4 | 剩余=3 | 当前攻=6 | 到达概率=34.5600% | 决策=继续砸 60% | 后续成功率=66.4000% | 后续期望成本=592,800
已用=4 | 剩余=3 | 当前攻=8 | 到达概率=12.9600% | 决策=继续砸 60% | 后续成功率=93.6000% | 后续期望成本=171,600
已用=5 | 剩余=2 | 当前攻=0 | 到达概率=2.3040% | 决策=放弃重来 | 后续成功率=0.0000% | 后续期望成本=0
已用=5 | 剩余=2 | 当前攻=2 | 到达概率=6.1440% | 决策=放弃重来 | 后续成功率=0.0000% | 后续期望成本=0
已用=5 | 剩余=2 | 当前攻=4 | 到达概率=23.0400% | 决策=继续砸 60% | 后续成功率=6.0000% | 后续期望成本=1,310,000
已用=5 | 剩余=2 | 当前攻=5 | 到达概率=0.2560% | 决策=继续砸 10% | 后续成功率=19.0000% | 后续期望成本=3,800,000
已用=5 | 剩余=2 | 当前攻=6 | 到达概率=34.5600% | 决策=继续砸 60% | 后续成功率=40.0000% | 后续期望成本=976,000
已用=5 | 剩余=2 | 当前攻=8 | 到达概率=25.9200% | 决策=继续砸 60% | 后续成功率=84.0000% | 后续期望成本=154,000
已用=6 | 剩余=1 | 当前攻=4 | 到达概率=9.2160% | 决策=放弃重来 | 后续成功率=0.0000% | 后续期望成本=0
已用=6 | 剩余=1 | 当前攻=5 | 到达概率=0.2304% | 决策=继续砸 10% | 后续成功率=10.0000% | 后续期望成本=2,000,000
已用=6 | 剩余=1 | 当前攻=6 | 到达概率=27.6480% | 决策=继续砸 10% | 后续成功率=10.0000% | 后续期望成本=2,000,000
已用=6 | 剩余=1 | 当前攻=8 | 到达概率=31.1040% | 决策=继续砸 60% | 后续成功率=60.0000% | 后续期望成本=110,000

固定砸满 7 张的最优对照：
0x 10% | 7x 60% | 单次成本=60,770,000 | 达标概率=41.9904% | 期望成本=144,723,556

固定砸满 7 张的全部策略：
0x 10% | 7x 60% | 单次成本=60,770,000 | 达标概率=41.9904% | 期望成本=144,723,556
1x 10% | 6x 60% | 单次成本=62,660,000 | 达标概率=29.2032% | 期望成本=214,565,527
2x 10% | 5x 60% | 单次成本=64,550,000 | 达标概率=19.5846% | 期望成本=329,595,030
3x 10% | 4x 60% | 单次成本=66,440,000 | 达标概率=14.3474% | 期望成本=463,081,710
7x 10% | 0x 60% | 单次成本=74,000,000 | 达标概率=14.9694% | 期望成本=494,340,470
4x 10% | 3x 60% | 单次成本=68,330,000 | 达标概率=11.5286% | 期望成本=592,701,951
6x 10% | 1x 60% | 单次成本=72,110,000 | 达标概率=11.4265% | 期望成本=631,076,883
5x 10% | 2x 60% | 单次成本=70,220,000 | 达标概率=8.1460% | 期望成本=862,018,168
