长枪卷轴成本计算
基础攻击力：105
目标：卷轴攻击加成 >= 10
达标后武器总攻击力 >= 115
成本：长枪=7,000,000，10%卷轴=2,000,000，60%卷轴=110,000

最优策略（允许失败后放弃重来）：
首张=60% | 单轮成本=7,623,990 | 单轮达标概率=41.9904% | 长期期望成本=18,156,508

应该放弃重来的状态：
已用=3 | 剩余=4 | 当前攻=0 | 到达概率=6.4000% | 决策=放弃重来 | 后续成功率=0.0000% | 后续期望成本=0
已用=4 | 剩余=3 | 当前攻=2 | 到达概率=11.5200% | 决策=放弃重来 | 后续成功率=0.0000% | 后续期望成本=0
已用=5 | 剩余=2 | 当前攻=4 | 到达概率=13.8240% | 决策=放弃重来 | 后续成功率=0.0000% | 后续期望成本=0
已用=6 | 剩余=1 | 当前攻=6 | 到达概率=13.8240% | 决策=放弃重来 | 后续成功率=0.0000% | 后续期望成本=0

可到达状态的最优决策：
已用=0 | 剩余=7 | 当前攻=0 | 到达概率=100.0000% | 决策=继续砸 60% | 后续成功率=41.9904% | 后续期望成本=623,990
已用=1 | 剩余=6 | 当前攻=0 | 到达概率=40.0000% | 决策=继续砸 60% | 后续成功率=23.3280% | 后续期望成本=464,464
已用=1 | 剩余=6 | 当前攻=2 | 到达概率=60.0000% | 决策=继续砸 60% | 后续成功率=54.4320% | 后续期望成本=547,008
已用=2 | 剩余=5 | 当前攻=0 | 到达概率=16.0000% | 决策=继续砸 60% | 后续成功率=7.7760% | 后续期望成本=253,616
已用=2 | 剩余=5 | 当前攻=2 | 到达概率=48.0000% | 决策=继续砸 60% | 后续成功率=33.6960% | 后续期望成本=421,696
已用=2 | 剩余=5 | 当前攻=4 | 到达概率=36.0000% | 决策=继续砸 60% | 后续成功率=68.2560% | 后续期望成本=447,216
已用=3 | 剩余=4 | 当前攻=0 | 到达概率=6.4000% | 决策=放弃重来 | 后续成功率=0.0000% | 后续期望成本=0
已用=3 | 剩余=4 | 当前攻=2 | 到达概率=28.8000% | 决策=继续砸 60% | 后续成功率=12.9600% | 后续期望成本=239,360
已用=3 | 剩余=4 | 当前攻=4 | 到达概率=43.2000% | 决策=继续砸 60% | 后续成功率=47.5200% | 后续期望成本=359,920
已用=3 | 剩余=4 | 当前攻=6 | 到达概率=21.6000% | 决策=继续砸 60% | 后续成功率=82.0800% | 后续期望成本=322,080
已用=4 | 剩余=3 | 当前攻=2 | 到达概率=11.5200% | 决策=放弃重来 | 后续成功率=0.0000% | 后续期望成本=0
已用=4 | 剩余=3 | 当前攻=4 | 到达概率=34.5600% | 决策=继续砸 60% | 后续成功率=21.6000% | 后续期望成本=215,600
已用=4 | 剩余=3 | 当前攻=6 | 到达概率=34.5600% | 决策=继续砸 60% | 后续成功率=64.8000% | 后续期望成本=272,800
已用=4 | 剩余=3 | 当前攻=8 | 到达概率=12.9600% | 决策=继续砸 60% | 后续成功率=93.6000% | 后续期望成本=171,600
已用=5 | 剩余=2 | 当前攻=4 | 到达概率=13.8240% | 决策=放弃重来 | 后续成功率=0.0000% | 后续期望成本=0
已用=5 | 剩余=2 | 当前攻=6 | 到达概率=34.5600% | 决策=继续砸 60% | 后续成功率=36.0000% | 后续期望成本=176,000
已用=5 | 剩余=2 | 当前攻=8 | 到达概率=25.9200% | 决策=继续砸 60% | 后续成功率=84.0000% | 后续期望成本=154,000
已用=6 | 剩余=1 | 当前攻=6 | 到达概率=13.8240% | 决策=放弃重来 | 后续成功率=0.0000% | 后续期望成本=0
已用=6 | 剩余=1 | 当前攻=8 | 到达概率=31.1040% | 决策=继续砸 60% | 后续成功率=60.0000% | 后续期望成本=110,000

固定砸满 7 张的最优对照：
0x 10% | 7x 60% | 单次成本=7,770,000 | 达标概率=41.9904% | 期望成本=18,504,230

固定砸满 7 张的全部策略：
0x 10% | 7x 60% | 单次成本=7,770,000 | 达标概率=41.9904% | 期望成本=18,504,230
1x 10% | 6x 60% | 单次成本=9,660,000 | 达标概率=29.2032% | 期望成本=33,078,567
2x 10% | 5x 60% | 单次成本=11,550,000 | 达标概率=19.5846% | 期望成本=58,974,788
3x 10% | 4x 60% | 单次成本=13,440,000 | 达标概率=14.3474% | 期望成本=93,675,770
4x 10% | 3x 60% | 单次成本=15,330,000 | 达标概率=11.5286% | 期望成本=132,974,110
7x 10% | 0x 60% | 单次成本=21,000,000 | 达标概率=14.9694% | 期望成本=140,285,809
6x 10% | 1x 60% | 单次成本=19,110,000 | 达标概率=11.4265% | 期望成本=167,242,813
5x 10% | 2x 60% | 单次成本=17,220,000 | 达标概率=8.1460% | 期望成本=211,392,094
