弓卷轴成本计算
基础攻击力：99
目标：卷轴攻击加成 >= 11
达标后武器总攻击力 >= 110
成本：弓=15,000,000，10%卷轴=2,000,000，60%卷轴=6,000,000

最优策略（允许失败后放弃重来）：
首张=10% | 单轮成本=29,459,344 | 单轮达标概率=20.5730% | 长期期望成本=143,193,928

应该放弃重来的状态：
已用=4 | 剩余=3 | 当前攻=0 | 到达概率=65.6100% | 决策=放弃重来 | 后续成功率=0.0000% | 后续期望成本=0
已用=6 | 剩余=1 | 当前攻=5 | 到达概率=4.5396% | 决策=放弃重来 | 后续成功率=0.0000% | 后续期望成本=0

可到达状态的最优决策：
已用=0 | 剩余=7 | 当前攻=0 | 到达概率=100.0000% | 决策=继续砸 10% | 后续成功率=20.5730% | 后续期望成本=14,459,344
已用=1 | 剩余=6 | 当前攻=0 | 到达概率=90.0000% | 决策=继续砸 10% | 后续成功率=13.6536% | 后续期望成本=10,813,600
已用=1 | 剩余=6 | 当前攻=5 | 到达概率=10.0000% | 决策=继续砸 60% | 后续成功率=82.8480% | 后续期望成本=27,271,040
已用=2 | 剩余=5 | 当前攻=0 | 到达概率=81.0000% | 决策=继续砸 10% | 后续成功率=7.4160% | 后续期望成本=7,038,400
已用=2 | 剩余=5 | 当前攻=5 | 到达概率=13.0000% | 决策=继续砸 60% | 后续成功率=69.7920% | 后续期望成本=24,790,400
已用=2 | 剩余=5 | 当前攻=7 | 到达概率=6.0000% | 决策=继续砸 60% | 后续成功率=91.5520% | 后续期望成本=18,924,800
已用=3 | 剩余=4 | 当前攻=0 | 到达概率=72.9000% | 决策=继续砸 10% | 后续成功率=2.6400% | 后续期望成本=3,328,000
已用=3 | 剩余=4 | 当前攻=5 | 到达概率=13.3000% | 决策=继续砸 60% | 后续成功率=50.4000% | 后续期望成本=20,432,000
已用=3 | 剩余=4 | 当前攻=7 | 到达概率=10.2000% | 决策=继续砸 60% | 后续成功率=82.7200% | 后续期望成本=17,696,000
已用=3 | 剩余=4 | 当前攻=9 | 到达概率=3.6000% | 决策=继续砸 60% | 后续成功率=97.4400% | 后续期望成本=9,744,000
已用=4 | 剩余=3 | 当前攻=0 | 到达概率=65.6100% | 决策=放弃重来 | 后续成功率=0.0000% | 后续期望成本=0
已用=4 | 剩余=3 | 当前攻=5 | 到达概率=12.6100% | 决策=继续砸 60% | 后续成功率=26.4000% | 后续期望成本=13,280,000
已用=4 | 剩余=3 | 当前攻=7 | 到达概率=12.0600% | 决策=继续砸 60% | 后续成功率=66.4000% | 后续期望成本=15,200,000
已用=4 | 剩余=3 | 当前攻=9 | 到达概率=7.5600% | 决策=继续砸 60% | 后续成功率=93.6000% | 后续期望成本=9,360,000
已用=5 | 剩余=2 | 当前攻=5 | 到达概率=5.0440% | 决策=继续砸 10% | 后续成功率=6.0000% | 后续期望成本=2,600,000
已用=5 | 剩余=2 | 当前攻=7 | 到达概率=12.3900% | 决策=继续砸 60% | 后续成功率=40.0000% | 后续期望成本=10,400,000
已用=5 | 剩余=2 | 当前攻=9 | 到达概率=10.2600% | 决策=继续砸 60% | 后续成功率=84.0000% | 后续期望成本=8,400,000
已用=6 | 剩余=1 | 当前攻=5 | 到达概率=4.5396% | 决策=放弃重来 | 后续成功率=0.0000% | 后续期望成本=0
已用=6 | 剩余=1 | 当前攻=7 | 到达概率=4.9560% | 决策=继续砸 10% | 后续成功率=10.0000% | 后续期望成本=2,000,000
已用=6 | 剩余=1 | 当前攻=9 | 到达概率=11.5380% | 决策=继续砸 60% | 后续成功率=60.0000% | 后续期望成本=6,000,000
已用=6 | 剩余=1 | 当前攻=10 | 到达概率=0.5044% | 决策=继续砸 60% | 后续成功率=60.0000% | 后续期望成本=6,000,000

固定砸满 7 张的最优对照：
3x 10% | 4x 60% | 单次成本=45,000,000 | 达标概率=14.2782% | 期望成本=315,164,894

固定砸满 7 张的全部策略：
3x 10% | 4x 60% | 单次成本=45,000,000 | 达标概率=14.2782% | 期望成本=315,164,894
0x 10% | 7x 60% | 单次成本=57,000,000 | 达标概率=15.8630% | 期望成本=359,325,829
4x 10% | 3x 60% | 单次成本=41,000,000 | 达标概率=11.2175% | 期望成本=365,499,683
2x 10% | 5x 60% | 单次成本=49,000,000 | 达标概率=13.2758% | 期望成本=369,091,523
1x 10% | 6x 60% | 单次成本=53,000,000 | 达标概率=12.4070% | 期望成本=427,176,829
6x 10% | 1x 60% | 单次成本=33,000,000 | 达标概率=7.4899% | 期望成本=440,593,332
5x 10% | 2x 60% | 单次成本=37,000,000 | 达标概率=6.9796% | 期望成本=530,116,339
7x 10% | 0x 60% | 单次成本=29,000,000 | 达标概率=2.5692% | 期望成本=1,128,778,001
