弓卷轴成本计算
基础攻击力：98
目标：卷轴攻击加成 >= 11
达标后武器总攻击力 >= 109
成本：弓=10,000,000，10%卷轴=2,000,000，60%卷轴=6,000,000

最优策略（允许失败后放弃重来）：
首张=10% | 单轮成本=22,033,232 | 单轮达标概率=18.6485% | 长期期望成本=118,150,284

应该放弃重来的状态：
已用=3 | 剩余=4 | 当前攻=0 | 到达概率=72.9000% | 决策=放弃重来 | 后续成功率=0.0000% | 后续期望成本=0
已用=6 | 剩余=1 | 当前攻=5 | 到达概率=1.9152% | 决策=放弃重来 | 后续成功率=0.0000% | 后续期望成本=0

可到达状态的最优决策：
已用=0 | 剩余=7 | 当前攻=0 | 到达概率=100.0000% | 决策=继续砸 10% | 后续成功率=18.6485% | 后续期望成本=12,033,232
已用=1 | 剩余=6 | 当前攻=0 | 到达概率=90.0000% | 决策=继续砸 10% | 后续成功率=11.5152% | 后续期望成本=8,117,920
已用=1 | 剩余=6 | 当前攻=5 | 到达概率=10.0000% | 决策=继续砸 60% | 后续成功率=82.8480% | 后续期望成本=27,271,040
已用=2 | 剩余=5 | 当前攻=0 | 到达概率=81.0000% | 决策=继续砸 10% | 后续成功率=5.0400% | 后续期望成本=4,043,200
已用=2 | 剩余=5 | 当前攻=5 | 到达概率=13.0000% | 决策=继续砸 60% | 后续成功率=69.7920% | 后续期望成本=24,790,400
已用=2 | 剩余=5 | 当前攻=7 | 到达概率=6.0000% | 决策=继续砸 60% | 后续成功率=91.5520% | 后续期望成本=18,924,800
已用=3 | 剩余=4 | 当前攻=0 | 到达概率=72.9000% | 决策=放弃重来 | 后续成功率=0.0000% | 后续期望成本=0
已用=3 | 剩余=4 | 当前攻=5 | 到达概率=13.3000% | 决策=继续砸 60% | 后续成功率=50.4000% | 后续期望成本=20,432,000
已用=3 | 剩余=4 | 当前攻=7 | 到达概率=10.2000% | 决策=继续砸 60% | 后续成功率=82.7200% | 后续期望成本=17,696,000
已用=3 | 剩余=4 | 当前攻=9 | 到达概率=3.6000% | 决策=继续砸 60% | 后续成功率=97.4400% | 后续期望成本=9,744,000
已用=4 | 剩余=3 | 当前攻=5 | 到达概率=5.3200% | 决策=继续砸 60% | 后续成功率=26.4000% | 后续期望成本=13,280,000
已用=4 | 剩余=3 | 当前攻=7 | 到达概率=12.0600% | 决策=继续砸 60% | 后续成功率=66.4000% | 后续期望成本=15,200,000
已用=4 | 剩余=3 | 当前攻=9 | 到达概率=7.5600% | 决策=继续砸 60% | 后续成功率=93.6000% | 后续期望成本=9,360,000
已用=5 | 剩余=2 | 当前攻=5 | 到达概率=2.1280% | 决策=继续砸 10% | 后续成功率=6.0000% | 后续期望成本=2,600,000
已用=5 | 剩余=2 | 当前攻=7 | 到达概率=8.0160% | 决策=继续砸 60% | 后续成功率=40.0000% | 后续期望成本=10,400,000
已用=5 | 剩余=2 | 当前攻=9 | 到达概率=10.2600% | 决策=继续砸 60% | 后续成功率=84.0000% | 后续期望成本=8,400,000
已用=6 | 剩余=1 | 当前攻=5 | 到达概率=1.9152% | 决策=放弃重来 | 后续成功率=0.0000% | 后续期望成本=0
已用=6 | 剩余=1 | 当前攻=7 | 到达概率=3.2064% | 决策=继续砸 10% | 后续成功率=10.0000% | 后续期望成本=2,000,000
已用=6 | 剩余=1 | 当前攻=9 | 到达概率=8.9136% | 决策=继续砸 60% | 后续成功率=60.0000% | 后续期望成本=6,000,000
已用=6 | 剩余=1 | 当前攻=10 | 到达概率=0.2128% | 决策=继续砸 60% | 后续成功率=60.0000% | 后续期望成本=6,000,000

固定砸满 7 张的最优对照：
3x 10% | 4x 60% | 单次成本=40,000,000 | 达标概率=14.2782% | 期望成本=280,146,573

固定砸满 7 张的全部策略：
3x 10% | 4x 60% | 单次成本=40,000,000 | 达标概率=14.2782% | 期望成本=280,146,573
4x 10% | 3x 60% | 单次成本=36,000,000 | 达标概率=11.2175% | 期望成本=320,926,551
0x 10% | 7x 60% | 单次成本=52,000,000 | 达标概率=15.8630% | 期望成本=327,806,020
2x 10% | 5x 60% | 单次成本=44,000,000 | 达标概率=13.2758% | 期望成本=331,429,122
6x 10% | 1x 60% | 单次成本=28,000,000 | 达标概率=7.4899% | 期望成本=373,836,767
1x 10% | 6x 60% | 单次成本=48,000,000 | 达标概率=12.4070% | 期望成本=386,877,128
5x 10% | 2x 60% | 单次成本=32,000,000 | 达标概率=6.9796% | 期望成本=458,478,996
7x 10% | 0x 60% | 单次成本=24,000,000 | 达标概率=2.5692% | 期望成本=934,161,104
