长枪卷轴成本计算
基础攻击力：109
目标：卷轴攻击加成 >= 13
达标后武器总攻击力 >= 122
成本：长枪=60,000,000，10%卷轴=2,000,000，60%卷轴=110,000

最优策略（允许失败后放弃重来）：
首张=60% | 单轮成本=64,330,628 | 单轮达标概率=11.0002% | 长期期望成本=584,815,389

应该放弃重来的状态：
已用=4 | 剩余=3 | 当前攻=0 | 到达概率=2.5600% | 决策=放弃重来 | 后续成功率=0.0000% | 后续期望成本=0
已用=5 | 剩余=2 | 当前攻=2 | 到达概率=6.1440% | 决策=放弃重来 | 后续成功率=0.0000% | 后续期望成本=0
已用=6 | 剩余=1 | 当前攻=4 | 到达概率=53.7840% | 决策=放弃重来 | 后续成功率=0.0000% | 后续期望成本=0
已用=6 | 剩余=1 | 当前攻=6 | 到达概率=1.3824% | 决策=放弃重来 | 后续成功率=0.0000% | 后续期望成本=0

可到达状态的最优决策：
已用=0 | 剩余=7 | 当前攻=0 | 到达概率=100.0000% | 决策=继续砸 60% | 后续成功率=11.0002% | 后续期望成本=4,330,628
已用=1 | 剩余=6 | 当前攻=0 | 到达概率=40.0000% | 决策=继续砸 60% | 后续成功率=5.5620% | 后续期望成本=3,939,072
已用=1 | 剩余=6 | 当前攻=2 | 到达概率=60.0000% | 决策=继续砸 60% | 后续成功率=14.6256% | 后续期望成本=4,408,333
已用=2 | 剩余=5 | 当前攻=0 | 到达概率=16.0000% | 决策=继续砸 60% | 后续成功率=2.0520% | 后续期望成本=2,374,336
已用=2 | 剩余=5 | 当前攻=2 | 到达概率=48.0000% | 决策=继续砸 60% | 后续成功率=7.9020% | 后续期望成本=4,798,896
已用=2 | 剩余=5 | 当前攻=4 | 到达概率=36.0000% | 决策=继续砸 60% | 后续成功率=19.1080% | 后续期望成本=3,964,624
已用=3 | 剩余=4 | 当前攻=0 | 到达概率=6.4000% | 决策=继续砸 60% | 后续成功率=0.3600% | 后续期望成本=968,000
已用=3 | 剩余=4 | 当前攻=2 | 到达概率=28.8000% | 决策=继续砸 60% | 后续成功率=3.1800% | 后续期望成本=3,128,560
已用=3 | 剩余=4 | 当前攻=4 | 到达概率=43.2000% | 决策=继续砸 10% | 后续成功率=11.0500% | 后续期望成本=5,729,120
已用=3 | 剩余=4 | 当前攻=6 | 到达概率=21.6000% | 决策=继续砸 60% | 后续成功率=24.4800% | 后续期望成本=2,604,960
已用=4 | 剩余=3 | 当前攻=0 | 到达概率=2.5600% | 决策=放弃重来 | 后续成功率=0.0000% | 后续期望成本=0
已用=4 | 剩余=3 | 当前攻=2 | 到达概率=15.3600% | 决策=继续砸 60% | 后续成功率=0.6000% | 后续期望成本=1,430,000
已用=4 | 剩余=3 | 当前攻=4 | 到达概率=56.1600% | 决策=继续砸 10% | 后续成功率=4.9000% | 后续期望成本=4,077,600
已用=4 | 剩余=3 | 当前攻=6 | 到达概率=8.6400% | 决策=继续砸 60% | 后续成功率=13.8000% | 后续期望成本=2,914,000
已用=4 | 剩余=3 | 当前攻=8 | 到达概率=12.9600% | 决策=继续砸 60% | 后续成功率=31.6000% | 后续期望成本=2,215,600
已用=4 | 剩余=3 | 当前攻=9 | 到达概率=4.3200% | 决策=继续砸 60% | 后续成功率=66.4000% | 后续期望成本=592,800
已用=5 | 剩余=2 | 当前攻=2 | 到达概率=6.1440% | 决策=放弃重来 | 后续成功率=0.0000% | 后续期望成本=0
已用=5 | 剩余=2 | 当前攻=4 | 到达概率=59.7600% | 决策=继续砸 10% | 后续成功率=1.0000% | 后续期望成本=2,200,000
已用=5 | 剩余=2 | 当前攻=6 | 到达概率=3.4560% | 决策=继续砸 60% | 后续成功率=6.0000% | 后续期望成本=1,310,000
已用=5 | 剩余=2 | 当前攻=8 | 到达概率=10.3680% | 决策=继续砸 10% | 后续成功率=19.0000% | 后续期望成本=3,800,000
已用=5 | 剩余=2 | 当前攻=9 | 到达概率=7.3440% | 决策=继续砸 60% | 后续成功率=40.0000% | 后续期望成本=976,000
已用=5 | 剩余=2 | 当前攻=10 | 到达概率=7.7760% | 决策=继续砸 60% | 后续成功率=40.0000% | 后续期望成本=976,000
已用=5 | 剩余=2 | 当前攻=11 | 到达概率=2.5920% | 决策=继续砸 60% | 后续成功率=84.0000% | 后续期望成本=154,000
已用=6 | 剩余=1 | 当前攻=4 | 到达概率=53.7840% | 决策=放弃重来 | 后续成功率=0.0000% | 后续期望成本=0
已用=6 | 剩余=1 | 当前攻=6 | 到达概率=1.3824% | 决策=放弃重来 | 后续成功率=0.0000% | 后续期望成本=0
已用=6 | 剩余=1 | 当前攻=8 | 到达概率=11.4048% | 决策=继续砸 10% | 后续成功率=10.0000% | 后续期望成本=2,000,000
已用=6 | 剩余=1 | 当前攻=9 | 到达概率=8.9136% | 决策=继续砸 10% | 后续成功率=10.0000% | 后续期望成本=2,000,000
已用=6 | 剩余=1 | 当前攻=10 | 到达概率=3.1104% | 决策=继续砸 10% | 后续成功率=10.0000% | 后续期望成本=2,000,000
已用=6 | 剩余=1 | 当前攻=11 | 到达概率=5.4432% | 决策=继续砸 60% | 后续成功率=60.0000% | 后续期望成本=110,000
已用=6 | 剩余=1 | 当前攻=12 | 到达概率=4.6656% | 决策=继续砸 60% | 后续成功率=60.0000% | 后续期望成本=110,000

固定砸满 7 张的最优对照：
2x 10% | 5x 60% | 单次成本=64,550,000 | 达标概率=6.9782% | 期望成本=925,018,343

固定砸满 7 张的全部策略：
2x 10% | 5x 60% | 单次成本=64,550,000 | 达标概率=6.9782% | 期望成本=925,018,343
1x 10% | 6x 60% | 单次成本=62,660,000 | 达标概率=5.4432% | 期望成本=1,151,161,082
3x 10% | 4x 60% | 单次成本=66,440,000 | 达标概率=5.4654% | 期望成本=1,215,638,631
4x 10% | 3x 60% | 单次成本=68,330,000 | 达标概率=3.5193% | 期望成本=1,941,590,325
5x 10% | 2x 60% | 单次成本=70,220,000 | 达标概率=3.4804% | 期望成本=2,017,584,186
0x 10% | 7x 60% | 单次成本=60,770,000 | 达标概率=2.7994% | 期望成本=2,170,853,338
7x 10% | 0x 60% | 单次成本=74,000,000 | 达标概率=2.5692% | 期望成本=2,880,330,070
6x 10% | 1x 60% | 单次成本=72,110,000 | 达标概率=1.5850% | 期望成本=4,549,526,814
