长枪卷轴成本计算
基础攻击力：105
目标：卷轴攻击加成 >= 13
达标后武器总攻击力 >= 118
成本：长枪=7,000,000，10%卷轴=2,000,000，60%卷轴=110,000

最优策略（允许失败后放弃重来）：
首张=60% | 单轮成本=9,036,838 | 单轮达标概率=10.1088% | 长期期望成本=89,395,752

应该放弃重来的状态：
已用=3 | 剩余=4 | 当前攻=0 | 到达概率=6.4000% | 决策=放弃重来 | 后续成功率=0.0000% | 后续期望成本=0
已用=4 | 剩余=3 | 当前攻=2 | 到达概率=11.5200% | 决策=放弃重来 | 后续成功率=0.0000% | 后续期望成本=0
已用=5 | 剩余=2 | 当前攻=4 | 到达概率=13.8240% | 决策=放弃重来 | 后续成功率=0.0000% | 后续期望成本=0
已用=6 | 剩余=1 | 当前攻=6 | 到达概率=13.8240% | 决策=放弃重来 | 后续成功率=0.0000% | 后续期望成本=0

可到达状态的最优决策：
已用=0 | 剩余=7 | 当前攻=0 | 到达概率=100.0000% | 决策=继续砸 60% | 后续成功率=10.1088% | 后续期望成本=2,036,838
已用=1 | 剩余=6 | 当前攻=0 | 到达概率=40.0000% | 决策=继续砸 60% | 后续成功率=4.5360% | 后续期望成本=1,328,896
已用=1 | 剩余=6 | 当前攻=2 | 到达概率=60.0000% | 决策=继续砸 60% | 后续成功率=13.8240% | 后续期望成本=2,325,466
已用=2 | 剩余=5 | 当前攻=0 | 到达概率=16.0000% | 决策=继续砸 60% | 后续成功率=1.2960% | 后续期望成本=498,560
已用=2 | 剩余=5 | 当前攻=2 | 到达概率=48.0000% | 决策=继续砸 60% | 后续成功率=6.6960% | 后续期望成本=1,699,120
已用=2 | 剩余=5 | 当前攻=4 | 到达概率=36.0000% | 决策=继续砸 60% | 后续成功率=18.5760% | 后续期望成本=2,559,696
已用=3 | 剩余=4 | 当前攻=0 | 到达概率=6.4000% | 决策=放弃重来 | 后续成功率=0.0000% | 后续期望成本=0
已用=3 | 剩余=4 | 当前攻=2 | 到达概率=28.8000% | 决策=继续砸 60% | 后续成功率=2.1600% | 后续期望成本=647,600
已用=3 | 剩余=4 | 当前攻=4 | 到达概率=43.2000% | 决策=继续砸 60% | 后续成功率=9.7200% | 后续期望成本=2,216,800
已用=3 | 剩余=4 | 当前攻=6 | 到达概率=21.6000% | 决策=继续砸 60% | 后续成功率=24.4800% | 后续期望成本=2,604,960
已用=4 | 剩余=3 | 当前攻=2 | 到达概率=11.5200% | 决策=放弃重来 | 后续成功率=0.0000% | 后续期望成本=0
已用=4 | 剩余=3 | 当前攻=4 | 到达概率=34.5600% | 决策=继续砸 60% | 后续成功率=3.6000% | 后续期望成本=896,000
已用=4 | 剩余=3 | 当前攻=6 | 到达概率=34.5600% | 决策=继续砸 60% | 后续成功率=13.8000% | 后续期望成本=2,914,000
已用=4 | 剩余=3 | 当前攻=8 | 到达概率=12.9600% | 决策=继续砸 60% | 后续成功率=31.6000% | 后续期望成本=2,215,600
已用=5 | 剩余=2 | 当前攻=4 | 到达概率=13.8240% | 决策=放弃重来 | 后续成功率=0.0000% | 后续期望成本=0
已用=5 | 剩余=2 | 当前攻=6 | 到达概率=34.5600% | 决策=继续砸 60% | 后续成功率=6.0000% | 后续期望成本=1,310,000
已用=5 | 剩余=2 | 当前攻=8 | 到达概率=25.9200% | 决策=继续砸 10% | 后续成功率=19.0000% | 后续期望成本=3,800,000
已用=5 | 剩余=2 | 当前攻=10 | 到达概率=7.7760% | 决策=继续砸 60% | 后续成功率=40.0000% | 后续期望成本=976,000
已用=6 | 剩余=1 | 当前攻=6 | 到达概率=13.8240% | 决策=放弃重来 | 后续成功率=0.0000% | 后续期望成本=0
已用=6 | 剩余=1 | 当前攻=8 | 到达概率=44.0640% | 决策=继续砸 10% | 后续成功率=10.0000% | 后续期望成本=2,000,000
已用=6 | 剩余=1 | 当前攻=10 | 到达概率=3.1104% | 决策=继续砸 10% | 后续成功率=10.0000% | 后续期望成本=2,000,000
已用=6 | 剩余=1 | 当前攻=12 | 到达概率=4.6656% | 决策=继续砸 60% | 后续成功率=60.0000% | 后续期望成本=110,000

固定砸满 7 张的最优对照：
2x 10% | 5x 60% | 单次成本=11,550,000 | 达标概率=6.9782% | 期望成本=165,514,514

固定砸满 7 张的全部策略：
2x 10% | 5x 60% | 单次成本=11,550,000 | 达标概率=6.9782% | 期望成本=165,514,514
1x 10% | 6x 60% | 单次成本=9,660,000 | 达标概率=5.4432% | 期望成本=177,469,136
3x 10% | 4x 60% | 单次成本=13,440,000 | 达标概率=5.4654% | 期望成本=245,908,838
0x 10% | 7x 60% | 单次成本=7,770,000 | 达标概率=2.7994% | 期望成本=277,563,443
4x 10% | 3x 60% | 单次成本=15,330,000 | 达标概率=3.5193% | 期望成本=435,600,464
5x 10% | 2x 60% | 单次成本=17,220,000 | 达标概率=3.4804% | 期望成本=494,770,716
7x 10% | 0x 60% | 单次成本=21,000,000 | 达标概率=2.5692% | 期望成本=817,390,966
6x 10% | 1x 60% | 单次成本=19,110,000 | 达标概率=1.5850% | 期望成本=1,205,678,233
