弓卷轴成本计算
基础攻击力：96
目标：卷轴攻击加成 >= 10
达标后武器总攻击力 >= 106
成本：弓=3,000,000，10%卷轴=2,000,000，60%卷轴=6,000,000

最优策略（允许失败后放弃重来）：
首张=60% | 单轮成本=29,591,008 | 单轮达标概率=37.9864% | 长期期望成本=77,898,953

应该放弃重来的状态：
已用=3 | 剩余=4 | 当前攻=0 | 到达概率=32.4000% | 决策=放弃重来 | 后续成功率=0.0000% | 后续期望成本=0
已用=5 | 剩余=2 | 当前攻=2 | 到达概率=7.7760% | 决策=放弃重来 | 后续成功率=0.0000% | 后续期望成本=0
已用=6 | 剩余=1 | 当前攻=4 | 到达概率=4.1472% | 决策=放弃重来 | 后续成功率=0.0000% | 后续期望成本=0

可到达状态的最优决策：
已用=0 | 剩余=7 | 当前攻=0 | 到达概率=100.0000% | 决策=继续砸 60% | 后续成功率=37.9864% | 后续期望成本=26,591,008
已用=1 | 剩余=6 | 当前攻=0 | 到达概率=40.0000% | 决策=继续砸 10% | 后续成功率=11.5516% | 后续期望成本=7,709,200
已用=1 | 剩余=6 | 当前攻=2 | 到达概率=60.0000% | 决策=继续砸 60% | 后续成功率=55.6096% | 后续期望成本=29,178,880
已用=2 | 剩余=5 | 当前攻=0 | 到达概率=36.0000% | 决策=继续砸 10% | 后续成功率=5.0680% | 后续期望成本=3,728,800
已用=2 | 剩余=5 | 当前攻=2 | 到达概率=24.0000% | 决策=继续砸 60% | 后续成功率=34.3360% | 后续期望成本=20,761,600
已用=2 | 剩余=5 | 当前攻=4 | 到达概率=36.0000% | 决策=继续砸 60% | 后续成功率=69.7920% | 后续期望成本=24,790,400
已用=2 | 剩余=5 | 当前攻=5 | 到达概率=4.0000% | 决策=继续砸 60% | 后续成功率=69.9040% | 后续期望成本=23,532,800
已用=3 | 剩余=4 | 当前攻=0 | 到达概率=32.4000% | 决策=放弃重来 | 后续成功率=0.0000% | 后续期望成本=0
已用=3 | 剩余=4 | 当前攻=2 | 到达概率=9.6000% | 决策=继续砸 10% | 后续成功率=10.2400% | 后续期望成本=6,256,000
已用=3 | 剩余=4 | 当前攻=4 | 到达概率=28.8000% | 决策=继续砸 60% | 后续成功率=50.4000% | 后续期望成本=20,432,000
已用=3 | 剩余=4 | 当前攻=5 | 到达概率=5.2000% | 决策=继续砸 60% | 后续成功率=50.6800% | 后续期望成本=17,288,000
已用=3 | 剩余=4 | 当前攻=6 | 到达概率=21.6000% | 决策=继续砸 60% | 后续成功率=82.7200% | 后续期望成本=17,696,000
已用=3 | 剩余=4 | 当前攻=7 | 到达概率=2.4000% | 决策=继续砸 60% | 后续成功率=82.7200% | 后续期望成本=17,696,000
已用=4 | 剩余=3 | 当前攻=2 | 到达概率=8.6400% | 决策=继续砸 10% | 后续成功率=4.0000% | 后续期望成本=3,040,000
已用=4 | 剩余=3 | 当前攻=4 | 到达概率=11.5200% | 决策=继续砸 60% | 后续成功率=26.4000% | 后续期望成本=13,280,000
已用=4 | 剩余=3 | 当前攻=5 | 到达概率=2.0800% | 决策=继续砸 10% | 后续成功率=27.1000% | 后续期望成本=5,420,000
已用=4 | 剩余=3 | 当前攻=6 | 到达概率=25.9200% | 决策=继续砸 60% | 后续成功率=66.4000% | 后续期望成本=15,200,000
已用=4 | 剩余=3 | 当前攻=7 | 到达概率=5.0400% | 决策=继续砸 60% | 后续成功率=66.4000% | 后续期望成本=15,200,000
已用=4 | 剩余=3 | 当前攻=8 | 到达概率=12.9600% | 决策=继续砸 60% | 后续成功率=93.6000% | 后续期望成本=9,360,000
已用=4 | 剩余=3 | 当前攻=9 | 到达概率=1.4400% | 决策=继续砸 60% | 后续成功率=93.6000% | 后续期望成本=9,360,000
已用=5 | 剩余=2 | 当前攻=2 | 到达概率=7.7760% | 决策=放弃重来 | 后续成功率=0.0000% | 后续期望成本=0
已用=5 | 剩余=2 | 当前攻=4 | 到达概率=4.6080% | 决策=继续砸 10% | 后续成功率=6.0000% | 后续期望成本=2,600,000
已用=5 | 剩余=2 | 当前攻=5 | 到达概率=1.8720% | 决策=继续砸 10% | 后续成功率=19.0000% | 后续期望成本=3,800,000
已用=5 | 剩余=2 | 当前攻=6 | 到达概率=17.2800% | 决策=继续砸 60% | 后续成功率=40.0000% | 后续期望成本=10,400,000
已用=5 | 剩余=2 | 当前攻=7 | 到达概率=2.8800% | 决策=继续砸 60% | 后续成功率=40.0000% | 后续期望成本=10,400,000
已用=5 | 剩余=2 | 当前攻=8 | 到达概率=20.7360% | 决策=继续砸 60% | 后续成功率=84.0000% | 后续期望成本=8,400,000
已用=5 | 剩余=2 | 当前攻=9 | 到达概率=3.6000% | 决策=继续砸 60% | 后续成功率=84.0000% | 后续期望成本=8,400,000
已用=6 | 剩余=1 | 当前攻=4 | 到达概率=4.1472% | 决策=放弃重来 | 后续成功率=0.0000% | 后续期望成本=0
已用=6 | 剩余=1 | 当前攻=5 | 到达概率=1.6848% | 决策=继续砸 10% | 后续成功率=10.0000% | 后续期望成本=2,000,000
已用=6 | 剩余=1 | 当前攻=6 | 到达概率=6.9120% | 决策=继续砸 10% | 后续成功率=10.0000% | 后续期望成本=2,000,000
已用=6 | 剩余=1 | 当前攻=7 | 到达概率=1.1520% | 决策=继续砸 10% | 后续成功率=10.0000% | 后续期望成本=2,000,000
已用=6 | 剩余=1 | 当前攻=8 | 到达概率=18.6624% | 决策=继续砸 60% | 后续成功率=60.0000% | 后续期望成本=6,000,000
已用=6 | 剩余=1 | 当前攻=9 | 到达概率=3.6288% | 决策=继续砸 60% | 后续成功率=60.0000% | 后续期望成本=6,000,000

固定砸满 7 张的最优对照：
0x 10% | 7x 60% | 单次成本=45,000,000 | 达标概率=41.9904% | 期望成本=107,167,353

固定砸满 7 张的全部策略：
0x 10% | 7x 60% | 单次成本=45,000,000 | 达标概率=41.9904% | 期望成本=107,167,353
7x 10% | 0x 60% | 单次成本=17,000,000 | 达标概率=14.9694% | 期望成本=113,564,702
1x 10% | 6x 60% | 单次成本=41,000,000 | 达标概率=29.2032% | 期望成本=140,395,573
6x 10% | 1x 60% | 单次成本=21,000,000 | 达标概率=11.4265% | 期望成本=183,783,311
2x 10% | 5x 60% | 单次成本=37,000,000 | 达标概率=19.5846% | 期望成本=188,923,565
3x 10% | 4x 60% | 单次成本=33,000,000 | 达标概率=14.3474% | 期望成本=230,007,472
4x 10% | 3x 60% | 单次成本=29,000,000 | 达标概率=11.5286% | 期望成本=251,549,196
5x 10% | 2x 60% | 单次成本=25,000,000 | 达标概率=8.1460% | 期望成本=306,899,092
