弓卷轴成本计算
基础攻击力：97
目标：卷轴攻击加成 >= 12
达标后武器总攻击力 >= 109
成本：弓=5,000,000，10%卷轴=2,000,000，60%卷轴=6,000,000

最优策略（允许失败后放弃重来）：
首张=10% | 单轮成本=15,570,966 | 单轮达标概率=11.0440% | 长期期望成本=140,990,020

应该放弃重来的状态：
已用=3 | 剩余=4 | 当前攻=0 | 到达概率=72.9000% | 决策=放弃重来 | 后续成功率=0.0000% | 后续期望成本=0
已用=6 | 剩余=1 | 当前攻=5 | 到达概率=9.6957% | 决策=放弃重来 | 后续成功率=0.0000% | 后续期望成本=0

可到达状态的最优决策：
已用=0 | 剩余=7 | 当前攻=0 | 到达概率=100.0000% | 决策=继续砸 10% | 后续成功率=11.0440% | 后续期望成本=10,570,966
已用=1 | 剩余=6 | 当前攻=0 | 到达概率=90.0000% | 决策=继续砸 10% | 后续成功率=5.8722% | 后续期望成本=6,425,020
已用=1 | 剩余=6 | 当前攻=5 | 到达概率=10.0000% | 决策=继续砸 60% | 后续成功率=57.5904% | 后续期望成本=27,884,480
已用=2 | 剩余=5 | 当前攻=0 | 到达概率=81.0000% | 决策=继续砸 10% | 后续成功率=2.1780% | 后续期望成本=2,759,800
已用=2 | 剩余=5 | 当前攻=5 | 到达概率=13.0000% | 决策=继续砸 60% | 后续成功率=39.1200% | 后续期望成本=19,412,000
已用=2 | 剩余=5 | 当前攻=7 | 到达概率=6.0000% | 决策=继续砸 60% | 后续成功率=69.9040% | 后续期望成本=23,532,800
已用=3 | 剩余=4 | 当前攻=0 | 到达概率=72.9000% | 决策=放弃重来 | 后续成功率=0.0000% | 后续期望成本=0
已用=3 | 剩余=4 | 当前攻=5 | 到达概率=13.3000% | 决策=继续砸 10% | 后续成功率=21.7800% | 后续期望成本=7,598,000
已用=3 | 剩余=4 | 当前攻=7 | 到达概率=10.2000% | 决策=继续砸 60% | 后续成功率=50.6800% | 后续期望成本=17,288,000
已用=3 | 剩余=4 | 当前攻=9 | 到达概率=3.6000% | 决策=继续砸 60% | 后续成功率=82.7200% | 后续期望成本=17,696,000
已用=4 | 剩余=3 | 当前攻=5 | 到达概率=11.9700% | 决策=继续砸 10% | 后续成功率=13.8000% | 后续期望成本=5,180,000
已用=4 | 剩余=3 | 当前攻=7 | 到达概率=4.0800% | 决策=继续砸 10% | 后续成功率=27.1000% | 后续期望成本=5,420,000
已用=4 | 剩余=3 | 当前攻=9 | 到达概率=7.5600% | 决策=继续砸 60% | 后续成功率=66.4000% | 后续期望成本=15,200,000
已用=4 | 剩余=3 | 当前攻=10 | 到达概率=1.3300% | 决策=继续砸 60% | 后续成功率=93.6000% | 后续期望成本=9,360,000
已用=4 | 剩余=3 | 当前攻=11 | 到达概率=2.1600% | 决策=继续砸 60% | 后续成功率=93.6000% | 后续期望成本=9,360,000
已用=5 | 剩余=2 | 当前攻=5 | 到达概率=10.7730% | 决策=继续砸 10% | 后续成功率=6.0000% | 后续期望成本=2,600,000
已用=5 | 剩余=2 | 当前攻=7 | 到达概率=3.6720% | 决策=继续砸 10% | 后续成功率=19.0000% | 后续期望成本=3,800,000
已用=5 | 剩余=2 | 当前攻=9 | 到达概率=3.0240% | 决策=继续砸 60% | 后续成功率=40.0000% | 后续期望成本=10,400,000
已用=5 | 剩余=2 | 当前攻=10 | 到达概率=1.7290% | 决策=继续砸 60% | 后续成功率=84.0000% | 后续期望成本=8,400,000
已用=5 | 剩余=2 | 当前攻=11 | 到达概率=5.4000% | 决策=继续砸 60% | 后续成功率=84.0000% | 后续期望成本=8,400,000
已用=6 | 剩余=1 | 当前攻=5 | 到达概率=9.6957% | 决策=放弃重来 | 后续成功率=0.0000% | 后续期望成本=0
已用=6 | 剩余=1 | 当前攻=7 | 到达概率=3.3048% | 决策=继续砸 10% | 后续成功率=10.0000% | 后续期望成本=2,000,000
已用=6 | 剩余=1 | 当前攻=9 | 到达概率=1.2096% | 决策=继续砸 10% | 后续成功率=10.0000% | 后续期望成本=2,000,000
已用=6 | 剩余=1 | 当前攻=10 | 到达概率=1.7689% | 决策=继续砸 60% | 后续成功率=60.0000% | 后续期望成本=6,000,000
已用=6 | 剩余=1 | 当前攻=11 | 到达概率=3.9744% | 决策=继续砸 60% | 后续成功率=60.0000% | 后续期望成本=6,000,000

固定砸满 7 张的最优对照：
0x 10% | 7x 60% | 单次成本=47,000,000 | 达标概率=15.8630% | 期望成本=296,286,210

固定砸满 7 张的全部策略：
0x 10% | 7x 60% | 单次成本=47,000,000 | 达标概率=15.8630% | 期望成本=296,286,210
6x 10% | 1x 60% | 单次成本=23,000,000 | 达标概率=7.4899% | 期望成本=307,080,201
5x 10% | 2x 60% | 单次成本=27,000,000 | 达标概率=6.9796% | 期望成本=386,841,653
1x 10% | 6x 60% | 单次成本=43,000,000 | 达标概率=9.6422% | 期望成本=445,954,467
2x 10% | 5x 60% | 单次成本=39,000,000 | 达标概率=7.0550% | 期望成本=552,796,299
3x 10% | 4x 60% | 单次成本=35,000,000 | 达标概率=5.8802% | 期望成本=595,221,899
4x 10% | 3x 60% | 单次成本=31,000,000 | 达标概率=4.9190% | 期望成本=630,214,517
7x 10% | 0x 60% | 单次成本=19,000,000 | 达标概率=2.5692% | 期望成本=739,544,207
