弓卷轴成本计算
基础攻击力：96
目标：卷轴攻击加成 >= 12
达标后武器总攻击力 >= 108
成本：弓=3,000,000，10%卷轴=2,000,000，60%卷轴=6,000,000

最优策略（允许失败后放弃重来）：
首张=10% | 单轮成本=11,335,528 | 单轮达标概率=9.2798% | 长期期望成本=122,152,192

应该放弃重来的状态：
已用=2 | 剩余=5 | 当前攻=0 | 到达概率=81.0000% | 决策=放弃重来 | 后续成功率=0.0000% | 后续期望成本=0
已用=6 | 剩余=1 | 当前攻=5 | 到达概率=3.7908% | 决策=放弃重来 | 后续成功率=0.0000% | 后续期望成本=0

可到达状态的最优决策：
已用=0 | 剩余=7 | 当前攻=0 | 到达概率=100.0000% | 决策=继续砸 10% | 后续成功率=9.2798% | 后续期望成本=8,335,528
已用=1 | 剩余=6 | 当前攻=0 | 到达概率=90.0000% | 决策=继续砸 10% | 后续成功率=3.9120% | 后续期望成本=3,941,200
已用=1 | 剩余=6 | 当前攻=5 | 到达概率=10.0000% | 决策=继续砸 60% | 后续成功率=57.5904% | 后续期望成本=27,884,480
已用=2 | 剩余=5 | 当前攻=0 | 到达概率=81.0000% | 决策=放弃重来 | 后续成功率=0.0000% | 后续期望成本=0
已用=2 | 剩余=5 | 当前攻=5 | 到达概率=13.0000% | 决策=继续砸 60% | 后续成功率=39.1200% | 后续期望成本=19,412,000
已用=2 | 剩余=5 | 当前攻=7 | 到达概率=6.0000% | 决策=继续砸 60% | 后续成功率=69.9040% | 后续期望成本=23,532,800
已用=3 | 剩余=4 | 当前攻=5 | 到达概率=5.2000% | 决策=继续砸 10% | 后续成功率=21.7800% | 后续期望成本=7,598,000
已用=3 | 剩余=4 | 当前攻=7 | 到达概率=10.2000% | 决策=继续砸 60% | 后续成功率=50.6800% | 后续期望成本=17,288,000
已用=3 | 剩余=4 | 当前攻=9 | 到达概率=3.6000% | 决策=继续砸 60% | 后续成功率=82.7200% | 后续期望成本=17,696,000
已用=4 | 剩余=3 | 当前攻=5 | 到达概率=4.6800% | 决策=继续砸 10% | 后续成功率=13.8000% | 后续期望成本=5,180,000
已用=4 | 剩余=3 | 当前攻=7 | 到达概率=4.0800% | 决策=继续砸 10% | 后续成功率=27.1000% | 后续期望成本=5,420,000
已用=4 | 剩余=3 | 当前攻=9 | 到达概率=7.5600% | 决策=继续砸 60% | 后续成功率=66.4000% | 后续期望成本=15,200,000
已用=4 | 剩余=3 | 当前攻=10 | 到达概率=0.5200% | 决策=继续砸 60% | 后续成功率=93.6000% | 后续期望成本=9,360,000
已用=4 | 剩余=3 | 当前攻=11 | 到达概率=2.1600% | 决策=继续砸 60% | 后续成功率=93.6000% | 后续期望成本=9,360,000
已用=5 | 剩余=2 | 当前攻=5 | 到达概率=4.2120% | 决策=继续砸 10% | 后续成功率=6.0000% | 后续期望成本=2,600,000
已用=5 | 剩余=2 | 当前攻=7 | 到达概率=3.6720% | 决策=继续砸 10% | 后续成功率=19.0000% | 后续期望成本=3,800,000
已用=5 | 剩余=2 | 当前攻=9 | 到达概率=3.0240% | 决策=继续砸 60% | 后续成功率=40.0000% | 后续期望成本=10,400,000
已用=5 | 剩余=2 | 当前攻=10 | 到达概率=0.6760% | 决策=继续砸 60% | 后续成功率=84.0000% | 后续期望成本=8,400,000
已用=5 | 剩余=2 | 当前攻=11 | 到达概率=5.4000% | 决策=继续砸 60% | 后续成功率=84.0000% | 后续期望成本=8,400,000
已用=6 | 剩余=1 | 当前攻=5 | 到达概率=3.7908% | 决策=放弃重来 | 后续成功率=0.0000% | 后续期望成本=0
已用=6 | 剩余=1 | 当前攻=7 | 到达概率=3.3048% | 决策=继续砸 10% | 后续成功率=10.0000% | 后续期望成本=2,000,000
已用=6 | 剩余=1 | 当前攻=9 | 到达概率=1.2096% | 决策=继续砸 10% | 后续成功率=10.0000% | 后续期望成本=2,000,000
已用=6 | 剩余=1 | 当前攻=10 | 到达概率=0.6916% | 决策=继续砸 60% | 后续成功率=60.0000% | 后续期望成本=6,000,000
已用=6 | 剩余=1 | 当前攻=11 | 到达概率=3.9744% | 决策=继续砸 60% | 后续成功率=60.0000% | 后续期望成本=6,000,000

固定砸满 7 张的最优对照：
6x 10% | 1x 60% | 单次成本=21,000,000 | 达标概率=7.4899% | 期望成本=280,377,575

固定砸满 7 张的全部策略：
6x 10% | 1x 60% | 单次成本=21,000,000 | 达标概率=7.4899% | 期望成本=280,377,575
0x 10% | 7x 60% | 单次成本=45,000,000 | 达标概率=15.8630% | 期望成本=283,678,286
5x 10% | 2x 60% | 单次成本=25,000,000 | 达标概率=6.9796% | 期望成本=358,186,716
1x 10% | 6x 60% | 单次成本=41,000,000 | 达标概率=9.6422% | 期望成本=425,212,399
2x 10% | 5x 60% | 单次成本=37,000,000 | 达标概率=7.0550% | 期望成本=524,447,771
3x 10% | 4x 60% | 单次成本=33,000,000 | 达标概率=5.8802% | 期望成本=561,209,219
4x 10% | 3x 60% | 单次成本=29,000,000 | 达标概率=4.9190% | 期望成本=589,555,516
7x 10% | 0x 60% | 单次成本=17,000,000 | 达标概率=2.5692% | 期望成本=661,697,449
