弓卷轴成本计算
基础攻击力：98
目标：卷轴攻击加成 >= 12
达标后武器总攻击力 >= 110
成本：弓=10,000,000，10%卷轴=2,000,000，60%卷轴=6,000,000

最优策略（允许失败后放弃重来）：
首张=60% | 单轮成本=33,652,304 | 单轮达标概率=18.3648% | 长期期望成本=183,243,509

应该放弃重来的状态：
已用=4 | 剩余=3 | 当前攻=0 | 到达概率=29.1600% | 决策=放弃重来 | 后续成功率=0.0000% | 后续期望成本=0
已用=5 | 剩余=2 | 当前攻=2 | 到达概率=17.4960% | 决策=放弃重来 | 后续成功率=0.0000% | 后续期望成本=0
已用=5 | 剩余=2 | 当前攻=4 | 到达概率=5.1840% | 决策=放弃重来 | 后续成功率=0.0000% | 后续期望成本=0
已用=6 | 剩余=1 | 当前攻=5 | 到达概率=6.4152% | 决策=放弃重来 | 后续成功率=0.0000% | 后续期望成本=0
已用=6 | 剩余=1 | 当前攻=6 | 到达概率=6.2208% | 决策=放弃重来 | 后续成功率=0.0000% | 后续期望成本=0

可到达状态的最优决策：
已用=0 | 剩余=7 | 当前攻=0 | 到达概率=100.0000% | 决策=继续砸 60% | 后续成功率=18.3648% | 后续期望成本=23,652,304
已用=1 | 剩余=6 | 当前攻=0 | 到达概率=40.0000% | 决策=继续砸 10% | 后续成功率=6.9900% | 后续期望成本=8,464,600
已用=1 | 剩余=6 | 当前攻=2 | 到达概率=60.0000% | 决策=继续砸 60% | 后续成功率=25.9480% | 后续期望成本=23,777,440
已用=2 | 剩余=5 | 当前攻=0 | 到达概率=36.0000% | 决策=继续砸 10% | 后续成功率=3.4200% | 后续期望成本=5,026,000
已用=2 | 剩余=5 | 当前攻=2 | 到达概率=24.0000% | 决策=继续砸 10% | 后续成功率=9.0460% | 后续期望成本=7,944,400
已用=2 | 剩余=5 | 当前攻=4 | 到达概率=36.0000% | 决策=继续砸 60% | 后续成功率=37.2160% | 后续期望成本=24,332,800
已用=2 | 剩余=5 | 当前攻=5 | 到达概率=4.0000% | 决策=继续砸 60% | 后续成功率=39.1200% | 后续期望成本=19,412,000
已用=3 | 剩余=4 | 当前攻=0 | 到达概率=32.4000% | 决策=继续砸 10% | 后续成功率=1.3800% | 后续期望成本=2,518,000
已用=3 | 剩余=4 | 当前攻=2 | 到达概率=21.6000% | 决策=继续砸 10% | 后续成功率=4.4200% | 后续期望成本=4,684,000
已用=3 | 剩余=4 | 当前攻=4 | 到达概率=14.4000% | 决策=继续砸 60% | 后续成功率=17.4400% | 后续期望成本=15,184,000
已用=3 | 剩余=4 | 当前攻=5 | 到达概率=5.2000% | 决策=继续砸 10% | 后续成功率=21.7800% | 后续期望成本=7,598,000
已用=3 | 剩余=4 | 当前攻=6 | 到达概率=21.6000% | 决策=继续砸 60% | 后续成功率=50.4000% | 后续期望成本=20,432,000
已用=3 | 剩余=4 | 当前攻=7 | 到达概率=4.8000% | 决策=继续砸 60% | 后续成功率=50.6800% | 后续期望成本=17,288,000
已用=4 | 剩余=3 | 当前攻=0 | 到达概率=29.1600% | 决策=放弃重来 | 后续成功率=0.0000% | 后续期望成本=0
已用=4 | 剩余=3 | 当前攻=2 | 到达概率=19.4400% | 决策=继续砸 10% | 后续成功率=1.9000% | 后续期望成本=2,380,000
已用=4 | 剩余=3 | 当前攻=4 | 到达概率=5.7600% | 决策=继续砸 10% | 后续成功率=4.0000% | 后续期望成本=3,040,000
已用=4 | 剩余=3 | 当前攻=5 | 到达概率=7.9200% | 决策=继续砸 10% | 后续成功率=13.8000% | 后续期望成本=5,180,000
已用=4 | 剩余=3 | 当前攻=6 | 到达概率=17.2800% | 决策=继续砸 60% | 后续成功率=26.4000% | 后续期望成本=13,280,000
已用=4 | 剩余=3 | 当前攻=7 | 到达概率=4.0800% | 决策=继续砸 10% | 后续成功率=27.1000% | 后续期望成本=5,420,000
已用=4 | 剩余=3 | 当前攻=8 | 到达概率=12.9600% | 决策=继续砸 60% | 后续成功率=66.4000% | 后续期望成本=15,200,000
已用=4 | 剩余=3 | 当前攻=9 | 到达概率=2.8800% | 决策=继续砸 60% | 后续成功率=66.4000% | 后续期望成本=15,200,000
已用=4 | 剩余=3 | 当前攻=10 | 到达概率=0.5200% | 决策=继续砸 60% | 后续成功率=93.6000% | 后续期望成本=9,360,000
已用=5 | 剩余=2 | 当前攻=2 | 到达概率=17.4960% | 决策=放弃重来 | 后续成功率=0.0000% | 后续期望成本=0
已用=5 | 剩余=2 | 当前攻=4 | 到达概率=5.1840% | 决策=放弃重来 | 后续成功率=0.0000% | 后续期望成本=0
已用=5 | 剩余=2 | 当前攻=5 | 到达概率=7.1280% | 决策=继续砸 10% | 后续成功率=6.0000% | 后续期望成本=2,600,000
已用=5 | 剩余=2 | 当前攻=6 | 到达概率=6.9120% | 决策=继续砸 10% | 后续成功率=6.0000% | 后续期望成本=2,600,000
已用=5 | 剩余=2 | 当前攻=7 | 到达概率=5.6160% | 决策=继续砸 10% | 后续成功率=19.0000% | 后续期望成本=3,800,000
已用=5 | 剩余=2 | 当前攻=8 | 到达概率=15.5520% | 决策=继续砸 60% | 后续成功率=40.0000% | 后续期望成本=10,400,000
已用=5 | 剩余=2 | 当前攻=9 | 到达概率=1.7280% | 决策=继续砸 60% | 后续成功率=40.0000% | 后续期望成本=10,400,000
已用=5 | 剩余=2 | 当前攻=10 | 到达概率=8.7760% | 决策=继续砸 60% | 后续成功率=84.0000% | 后续期望成本=8,400,000
已用=5 | 剩余=2 | 当前攻=11 | 到达概率=1.7280% | 决策=继续砸 60% | 后续成功率=84.0000% | 后续期望成本=8,400,000
已用=6 | 剩余=1 | 当前攻=5 | 到达概率=6.4152% | 决策=放弃重来 | 后续成功率=0.0000% | 后续期望成本=0
已用=6 | 剩余=1 | 当前攻=6 | 到达概率=6.2208% | 决策=放弃重来 | 后续成功率=0.0000% | 后续期望成本=0
已用=6 | 剩余=1 | 当前攻=7 | 到达概率=5.0544% | 决策=继续砸 10% | 后续成功率=10.0000% | 后续期望成本=2,000,000
已用=6 | 剩余=1 | 当前攻=8 | 到达概率=6.2208% | 决策=继续砸 10% | 后续成功率=10.0000% | 后续期望成本=2,000,000
已用=6 | 剩余=1 | 当前攻=9 | 到达概率=0.6912% | 决策=继续砸 10% | 后续成功率=10.0000% | 后续期望成本=2,000,000
已用=6 | 剩余=1 | 当前攻=10 | 到达概率=13.5544% | 决策=继续砸 60% | 后续成功率=60.0000% | 后续期望成本=6,000,000
已用=6 | 剩余=1 | 当前攻=11 | 到达概率=2.4192% | 决策=继续砸 60% | 后续成功率=60.0000% | 后续期望成本=6,000,000

固定砸满 7 张的最优对照：
0x 10% | 7x 60% | 单次成本=52,000,000 | 达标概率=15.8630% | 期望成本=327,806,020

固定砸满 7 张的全部策略：
0x 10% | 7x 60% | 单次成本=52,000,000 | 达标概率=15.8630% | 期望成本=327,806,020
6x 10% | 1x 60% | 单次成本=28,000,000 | 达标概率=7.4899% | 期望成本=373,836,767
5x 10% | 2x 60% | 单次成本=32,000,000 | 达标概率=6.9796% | 期望成本=458,478,996
1x 10% | 6x 60% | 单次成本=48,000,000 | 达标概率=9.6422% | 期望成本=497,809,638
2x 10% | 5x 60% | 单次成本=44,000,000 | 达标概率=7.0550% | 期望成本=623,667,619
3x 10% | 4x 60% | 单次成本=40,000,000 | 达标概率=5.8802% | 期望成本=680,253,599
4x 10% | 3x 60% | 单次成本=36,000,000 | 达标概率=4.9190% | 期望成本=731,862,020
7x 10% | 0x 60% | 单次成本=24,000,000 | 达标概率=2.5692% | 期望成本=934,161,104
