长枪卷轴成本计算
基础攻击力：109
目标：卷轴攻击加成 >= 11
达标后武器总攻击力 >= 120
成本：长枪=60,000,000，10%卷轴=2,000,000，60%卷轴=110,000

最优策略（允许失败后放弃重来）：
首张=60% | 单轮成本=62,599,018 | 单轮达标概率=24.9254% | 长期期望成本=251,145,088

应该放弃重来的状态：
已用=5 | 剩余=2 | 当前攻=0 | 到达概率=1.0240% | 决策=放弃重来 | 后续成功率=0.0000% | 后续期望成本=0
已用=6 | 剩余=1 | 当前攻=2 | 到达概率=6.9120% | 决策=放弃重来 | 后续成功率=0.0000% | 后续期望成本=0
已用=6 | 剩余=1 | 当前攻=4 | 到达概率=9.2160% | 决策=放弃重来 | 后续成功率=0.0000% | 后续期望成本=0

可到达状态的最优决策：
已用=0 | 剩余=7 | 当前攻=0 | 到达概率=100.0000% | 决策=继续砸 60% | 后续成功率=24.9254% | 后续期望成本=2,599,018
已用=1 | 剩余=6 | 当前攻=0 | 到达概率=40.0000% | 决策=继续砸 60% | 后续成功率=13.9776% | 后续期望成本=2,670,426
已用=1 | 剩余=6 | 当前攻=2 | 到达概率=60.0000% | 决策=继续砸 60% | 后续成功率=32.2240% | 后续期望成本=2,368,080
已用=2 | 剩余=5 | 当前攻=0 | 到达概率=16.0000% | 决策=继续砸 60% | 后续成功率=6.9840% | 后续期望成本=2,350,320
已用=2 | 剩余=5 | 当前攻=2 | 到达概率=48.0000% | 决策=继续砸 60% | 后续成功率=18.6400% | 后续期望成本=2,700,496
已用=2 | 剩余=5 | 当前攻=4 | 到达概率=36.0000% | 决策=继续砸 60% | 后续成功率=41.2800% | 后续期望成本=1,963,136
已用=3 | 剩余=4 | 当前攻=0 | 到达概率=6.4000% | 决策=继续砸 60% | 后续成功率=2.6400% | 后续期望成本=1,747,600
已用=3 | 剩余=4 | 当前攻=2 | 到达概率=28.8000% | 决策=继续砸 60% | 后续成功率=9.8800% | 后续期望成本=2,568,800
已用=3 | 剩余=4 | 当前攻=4 | 到达概率=43.2000% | 决策=继续砸 60% | 后续成功率=24.4800% | 后续期望成本=2,604,960
已用=3 | 剩余=4 | 当前攻=6 | 到达概率=21.6000% | 决策=继续砸 60% | 后续成功率=52.4800% | 后续期望成本=1,351,920
已用=4 | 剩余=3 | 当前攻=0 | 到达概率=2.5600% | 决策=继续砸 60% | 后续成功率=0.6000% | 后续期望成本=1,430,000
已用=4 | 剩余=3 | 当前攻=2 | 到达概率=15.3600% | 决策=继续砸 60% | 后续成功率=4.0000% | 后续期望成本=1,776,000
已用=4 | 剩余=3 | 当前攻=4 | 到达概率=34.5600% | 决策=继续砸 60% | 后续成功率=13.8000% | 后续期望成本=2,914,000
已用=4 | 剩余=3 | 当前攻=6 | 到达概率=34.5600% | 决策=继续砸 60% | 后续成功率=31.6000% | 后续期望成本=2,215,600
已用=4 | 剩余=3 | 当前攻=8 | 到达概率=12.9600% | 决策=继续砸 60% | 后续成功率=66.4000% | 后续期望成本=592,800
已用=5 | 剩余=2 | 当前攻=0 | 到达概率=1.0240% | 决策=放弃重来 | 后续成功率=0.0000% | 后续期望成本=0
已用=5 | 剩余=2 | 当前攻=2 | 到达概率=7.6800% | 决策=继续砸 10% | 后续成功率=1.0000% | 后续期望成本=2,200,000
已用=5 | 剩余=2 | 当前攻=4 | 到达概率=23.0400% | 决策=继续砸 60% | 后续成功率=6.0000% | 后续期望成本=1,310,000
已用=5 | 剩余=2 | 当前攻=6 | 到达概率=34.5600% | 决策=继续砸 10% | 后续成功率=19.0000% | 后续期望成本=3,800,000
已用=5 | 剩余=2 | 当前攻=8 | 到达概率=25.9200% | 决策=继续砸 60% | 后续成功率=40.0000% | 后续期望成本=976,000
已用=5 | 剩余=2 | 当前攻=10 | 到达概率=7.7760% | 决策=继续砸 60% | 后续成功率=84.0000% | 后续期望成本=154,000
已用=6 | 剩余=1 | 当前攻=2 | 到达概率=6.9120% | 决策=放弃重来 | 后续成功率=0.0000% | 后续期望成本=0
已用=6 | 剩余=1 | 当前攻=4 | 到达概率=9.2160% | 决策=放弃重来 | 后续成功率=0.0000% | 后续期望成本=0
已用=6 | 剩余=1 | 当前攻=6 | 到达概率=44.9280% | 决策=继续砸 10% | 后续成功率=10.0000% | 后续期望成本=2,000,000
已用=6 | 剩余=1 | 当前攻=7 | 到达概率=0.7680% | 决策=继续砸 10% | 后续成功率=10.0000% | 后续期望成本=2,000,000
已用=6 | 剩余=1 | 当前攻=8 | 到达概率=10.3680% | 决策=继续砸 10% | 后续成功率=10.0000% | 后续期望成本=2,000,000
已用=6 | 剩余=1 | 当前攻=10 | 到达概率=18.6624% | 决策=继续砸 60% | 后续成功率=60.0000% | 后续期望成本=110,000

固定砸满 7 张的最优对照：
0x 10% | 7x 60% | 单次成本=60,770,000 | 达标概率=15.8630% | 期望成本=383,091,766

固定砸满 7 张的全部策略：
0x 10% | 7x 60% | 单次成本=60,770,000 | 达标概率=15.8630% | 期望成本=383,091,766
3x 10% | 4x 60% | 单次成本=66,440,000 | 达标概率=14.2782% | 期望成本=465,323,457
2x 10% | 5x 60% | 单次成本=64,550,000 | 达标概率=13.2758% | 期望成本=486,221,587
1x 10% | 6x 60% | 单次成本=62,660,000 | 达标概率=12.4070% | 期望成本=505,035,851
4x 10% | 3x 60% | 单次成本=68,330,000 | 达标概率=11.2175% | 期望成本=609,136,422
6x 10% | 1x 60% | 单次成本=72,110,000 | 达标概率=7.4899% | 期望成本=962,763,188
5x 10% | 2x 60% | 单次成本=70,220,000 | 达标概率=6.9796% | 期望成本=1,006,074,847
7x 10% | 0x 60% | 单次成本=74,000,000 | 达标概率=2.5692% | 期望成本=2,880,330,070
