长枪卷轴成本计算
基础攻击力：105
目标：卷轴攻击加成 >= 11
达标后武器总攻击力 >= 116
成本：长枪=7,000,000，10%卷轴=2,000,000，60%卷轴=110,000

最优策略（允许失败后放弃重来）：
首张=60% | 单轮成本=9,427,242 | 单轮达标概率=24.8486% | 长期期望成本=37,938,665

应该放弃重来的状态：
已用=4 | 剩余=3 | 当前攻=0 | 到达概率=2.5600% | 决策=放弃重来 | 后续成功率=0.0000% | 后续期望成本=0
已用=5 | 剩余=2 | 当前攻=2 | 到达概率=6.1440% | 决策=放弃重来 | 后续成功率=0.0000% | 后续期望成本=0
已用=6 | 剩余=1 | 当前攻=4 | 到达概率=9.2160% | 决策=放弃重来 | 后续成功率=0.0000% | 后续期望成本=0

可到达状态的最优决策：
已用=0 | 剩余=7 | 当前攻=0 | 到达概率=100.0000% | 决策=继续砸 60% | 后续成功率=24.8486% | 后续期望成本=2,427,242
已用=1 | 剩余=6 | 当前攻=0 | 到达概率=40.0000% | 决策=继续砸 60% | 后续成功率=13.8240% | 后续期望成本=2,325,466
已用=1 | 剩余=6 | 当前攻=2 | 到达概率=60.0000% | 决策=继续砸 60% | 后续成功率=32.1984% | 后续期望成本=2,311,760
已用=2 | 剩余=5 | 当前攻=0 | 到达概率=16.0000% | 决策=继续砸 60% | 后续成功率=6.6960% | 后续期望成本=1,699,120
已用=2 | 剩余=5 | 当前攻=2 | 到达概率=48.0000% | 决策=继续砸 60% | 后续成功率=18.5760% | 后续期望成本=2,559,696
已用=2 | 剩余=5 | 当前攻=4 | 到达概率=36.0000% | 决策=继续砸 60% | 后续成功率=41.2800% | 后续期望成本=1,963,136
已用=3 | 剩余=4 | 当前攻=0 | 到达概率=6.4000% | 决策=继续砸 60% | 后续成功率=2.1600% | 后续期望成本=647,600
已用=3 | 剩余=4 | 当前攻=2 | 到达概率=28.8000% | 决策=继续砸 60% | 后续成功率=9.7200% | 后续期望成本=2,216,800
已用=3 | 剩余=4 | 当前攻=4 | 到达概率=43.2000% | 决策=继续砸 60% | 后续成功率=24.4800% | 后续期望成本=2,604,960
已用=3 | 剩余=4 | 当前攻=6 | 到达概率=21.6000% | 决策=继续砸 60% | 后续成功率=52.4800% | 后续期望成本=1,351,920
已用=4 | 剩余=3 | 当前攻=0 | 到达概率=2.5600% | 决策=放弃重来 | 后续成功率=0.0000% | 后续期望成本=0
已用=4 | 剩余=3 | 当前攻=2 | 到达概率=15.3600% | 决策=继续砸 60% | 后续成功率=3.6000% | 后续期望成本=896,000
已用=4 | 剩余=3 | 当前攻=4 | 到达概率=34.5600% | 决策=继续砸 60% | 后续成功率=13.8000% | 后续期望成本=2,914,000
已用=4 | 剩余=3 | 当前攻=6 | 到达概率=34.5600% | 决策=继续砸 60% | 后续成功率=31.6000% | 后续期望成本=2,215,600
已用=4 | 剩余=3 | 当前攻=8 | 到达概率=12.9600% | 决策=继续砸 60% | 后续成功率=66.4000% | 后续期望成本=592,800
已用=5 | 剩余=2 | 当前攻=2 | 到达概率=6.1440% | 决策=放弃重来 | 后续成功率=0.0000% | 后续期望成本=0
已用=5 | 剩余=2 | 当前攻=4 | 到达概率=23.0400% | 决策=继续砸 60% | 后续成功率=6.0000% | 后续期望成本=1,310,000
已用=5 | 剩余=2 | 当前攻=6 | 到达概率=34.5600% | 决策=继续砸 10% | 后续成功率=19.0000% | 后续期望成本=3,800,000
已用=5 | 剩余=2 | 当前攻=8 | 到达概率=25.9200% | 决策=继续砸 60% | 后续成功率=40.0000% | 后续期望成本=976,000
已用=5 | 剩余=2 | 当前攻=10 | 到达概率=7.7760% | 决策=继续砸 60% | 后续成功率=84.0000% | 后续期望成本=154,000
已用=6 | 剩余=1 | 当前攻=4 | 到达概率=9.2160% | 决策=放弃重来 | 后续成功率=0.0000% | 后续期望成本=0
已用=6 | 剩余=1 | 当前攻=6 | 到达概率=44.9280% | 决策=继续砸 10% | 后续成功率=10.0000% | 后续期望成本=2,000,000
已用=6 | 剩余=1 | 当前攻=8 | 到达概率=10.3680% | 决策=继续砸 10% | 后续成功率=10.0000% | 后续期望成本=2,000,000
已用=6 | 剩余=1 | 当前攻=10 | 到达概率=18.6624% | 决策=继续砸 60% | 后续成功率=60.0000% | 后续期望成本=110,000

固定砸满 7 张的最优对照：
0x 10% | 7x 60% | 单次成本=7,770,000 | 达标概率=15.8630% | 期望成本=48,981,784

固定砸满 7 张的全部策略：
0x 10% | 7x 60% | 单次成本=7,770,000 | 达标概率=15.8630% | 期望成本=48,981,784
1x 10% | 6x 60% | 单次成本=9,660,000 | 达标概率=12.4070% | 期望成本=77,859,022
2x 10% | 5x 60% | 单次成本=11,550,000 | 达标概率=13.2758% | 期望成本=87,000,145
3x 10% | 4x 60% | 单次成本=13,440,000 | 达标概率=14.2782% | 期望成本=94,129,248
4x 10% | 3x 60% | 单次成本=15,330,000 | 达标概率=11.2175% | 期望成本=136,661,223
5x 10% | 2x 60% | 单次成本=17,220,000 | 达标概率=6.9796% | 期望成本=246,719,010
6x 10% | 1x 60% | 单次成本=19,110,000 | 达标概率=7.4899% | 期望成本=255,143,593
7x 10% | 0x 60% | 单次成本=21,000,000 | 达标概率=2.5692% | 期望成本=817,390,966
